{"/home/afonsodev/projects/fullstack-js/server/core/Authorization.js": {"path":"/home/afonsodev/projects/fullstack-js/server/core/Authorization.js","statementMap":{"0":{"start":{"line":1,"column":11},"end":{"line":1,"column":24}},"1":{"start":{"line":2,"column":16},"end":{"line":2,"column":46}},"2":{"start":{"line":3,"column":20},"end":{"line":3,"column":54}},"3":{"start":{"line":4,"column":17},"end":{"line":4,"column":41}},"4":{"start":{"line":5,"column":19},"end":{"line":5,"column":45}},"5":{"start":{"line":6,"column":21},"end":{"line":6,"column":53}},"6":{"start":{"line":19,"column":4},"end":{"line":20,"column":29}},"7":{"start":{"line":27,"column":19},"end":{"line":27,"column":21}},"8":{"start":{"line":30,"column":24},"end":{"line":31,"column":46}},"9":{"start":{"line":32,"column":4},"end":{"line":32,"column":61}},"10":{"start":{"line":33,"column":4},"end":{"line":33,"column":78}},"11":{"start":{"line":36,"column":26},"end":{"line":38,"column":23}},"12":{"start":{"line":39,"column":4},"end":{"line":39,"column":63}},"13":{"start":{"line":40,"column":4},"end":{"line":40,"column":80}},"14":{"start":{"line":43,"column":22},"end":{"line":44,"column":42}},"15":{"start":{"line":45,"column":4},"end":{"line":45,"column":59}},"16":{"start":{"line":46,"column":4},"end":{"line":46,"column":76}},"17":{"start":{"line":56,"column":20},"end":{"line":56,"column":45}},"18":{"start":{"line":56,"column":35},"end":{"line":56,"column":44}},"19":{"start":{"line":57,"column":24},"end":{"line":57,"column":98}},"20":{"start":{"line":58,"column":19},"end":{"line":63,"column":12}},"21":{"start":{"line":59,"column":6},"end":{"line":61,"column":7}},"22":{"start":{"line":60,"column":8},"end":{"line":60,"column":36}},"23":{"start":{"line":62,"column":6},"end":{"line":62,"column":20}},"24":{"start":{"line":64,"column":4},"end":{"line":64,"column":19}},"25":{"start":{"line":77,"column":20},"end":{"line":77,"column":45}},"26":{"start":{"line":77,"column":35},"end":{"line":77,"column":44}},"27":{"start":{"line":78,"column":22},"end":{"line":78,"column":94}},"28":{"start":{"line":79,"column":22},"end":{"line":79,"column":72}},"29":{"start":{"line":80,"column":4},"end":{"line":89,"column":5}},"30":{"start":{"line":83,"column":21},"end":{"line":83,"column":76}},"31":{"start":{"line":84,"column":6},"end":{"line":84,"column":87}},"32":{"start":{"line":84,"column":36},"end":{"line":84,"column":87}},"33":{"start":{"line":85,"column":6},"end":{"line":88,"column":7}},"34":{"start":{"line":86,"column":21},"end":{"line":86,"column":67}},"35":{"start":{"line":87,"column":8},"end":{"line":87,"column":55}},"36":{"start":{"line":90,"column":4},"end":{"line":90,"column":16}},"37":{"start":{"line":100,"column":16},"end":{"line":100,"column":92}},"38":{"start":{"line":101,"column":4},"end":{"line":103,"column":7}},"39":{"start":{"line":102,"column":6},"end":{"line":102,"column":81}},"40":{"start":{"line":104,"column":4},"end":{"line":104,"column":17}},"41":{"start":{"line":114,"column":19},"end":{"line":119,"column":12}},"42":{"start":{"line":115,"column":6},"end":{"line":117,"column":7}},"43":{"start":{"line":116,"column":8},"end":{"line":116,"column":36}},"44":{"start":{"line":118,"column":6},"end":{"line":118,"column":20}},"45":{"start":{"line":120,"column":4},"end":{"line":120,"column":18}},"46":{"start":{"line":124,"column":0},"end":{"line":124,"column":31}}},"fnMap":{"0":{"name":"(anonymous_0)","decl":{"start":{"line":18,"column":2},"end":{"line":18,"column":3}},"loc":{"start":{"line":18,"column":32},"end":{"line":21,"column":3}},"line":18},"1":{"name":"(anonymous_1)","decl":{"start":{"line":26,"column":2},"end":{"line":26,"column":3}},"loc":{"start":{"line":26,"column":29},"end":{"line":47,"column":3}},"line":26},"2":{"name":"(anonymous_2)","decl":{"start":{"line":55,"column":2},"end":{"line":55,"column":3}},"loc":{"start":{"line":55,"column":48},"end":{"line":65,"column":3}},"line":55},"3":{"name":"(anonymous_3)","decl":{"start":{"line":56,"column":30},"end":{"line":56,"column":31}},"loc":{"start":{"line":56,"column":35},"end":{"line":56,"column":44}},"line":56},"4":{"name":"(anonymous_4)","decl":{"start":{"line":58,"column":38},"end":{"line":58,"column":39}},"loc":{"start":{"line":58,"column":53},"end":{"line":63,"column":5}},"line":58},"5":{"name":"(anonymous_5)","decl":{"start":{"line":76,"column":2},"end":{"line":76,"column":3}},"loc":{"start":{"line":76,"column":66},"end":{"line":91,"column":3}},"line":76},"6":{"name":"(anonymous_6)","decl":{"start":{"line":77,"column":30},"end":{"line":77,"column":31}},"loc":{"start":{"line":77,"column":35},"end":{"line":77,"column":44}},"line":77},"7":{"name":"(anonymous_7)","decl":{"start":{"line":99,"column":2},"end":{"line":99,"column":3}},"loc":{"start":{"line":99,"column":46},"end":{"line":105,"column":3}},"line":99},"8":{"name":"(anonymous_8)","decl":{"start":{"line":101,"column":25},"end":{"line":101,"column":26}},"loc":{"start":{"line":101,"column":30},"end":{"line":103,"column":5}},"line":101},"9":{"name":"(anonymous_9)","decl":{"start":{"line":113,"column":2},"end":{"line":113,"column":3}},"loc":{"start":{"line":113,"column":49},"end":{"line":121,"column":3}},"line":113},"10":{"name":"(anonymous_10)","decl":{"start":{"line":114,"column":36},"end":{"line":114,"column":37}},"loc":{"start":{"line":114,"column":51},"end":{"line":119,"column":5}},"line":114}},"branchMap":{"0":{"loc":{"start":{"line":19,"column":12},"end":{"line":19,"column":54}},"type":"binary-expr","locations":[{"start":{"line":19,"column":12},"end":{"line":19,"column":41}},{"start":{"line":19,"column":45},"end":{"line":19,"column":54}}],"line":19},"1":{"loc":{"start":{"line":59,"column":6},"end":{"line":61,"column":7}},"type":"if","locations":[{"start":{"line":59,"column":6},"end":{"line":61,"column":7}},{"start":{"line":59,"column":6},"end":{"line":61,"column":7}}],"line":59},"2":{"loc":{"start":{"line":59,"column":10},"end":{"line":59,"column":68}},"type":"binary-expr","locations":[{"start":{"line":59,"column":10},"end":{"line":59,"column":33}},{"start":{"line":59,"column":37},"end":{"line":59,"column":68}}],"line":59},"3":{"loc":{"start":{"line":60,"column":17},"end":{"line":60,"column":35}},"type":"binary-expr","locations":[{"start":{"line":60,"column":17},"end":{"line":60,"column":23}},{"start":{"line":60,"column":27},"end":{"line":60,"column":35}}],"line":60},"4":{"loc":{"start":{"line":84,"column":6},"end":{"line":84,"column":87}},"type":"if","locations":[{"start":{"line":84,"column":6},"end":{"line":84,"column":87}},{"start":{"line":84,"column":6},"end":{"line":84,"column":87}}],"line":84},"5":{"loc":{"start":{"line":85,"column":6},"end":{"line":88,"column":7}},"type":"if","locations":[{"start":{"line":85,"column":6},"end":{"line":88,"column":7}},{"start":{"line":85,"column":6},"end":{"line":88,"column":7}}],"line":85},"6":{"loc":{"start":{"line":102,"column":13},"end":{"line":102,"column":80}},"type":"binary-expr","locations":[{"start":{"line":102,"column":13},"end":{"line":102,"column":36}},{"start":{"line":102,"column":40},"end":{"line":102,"column":57}},{"start":{"line":102,"column":61},"end":{"line":102,"column":80}}],"line":102},"7":{"loc":{"start":{"line":115,"column":6},"end":{"line":117,"column":7}},"type":"if","locations":[{"start":{"line":115,"column":6},"end":{"line":117,"column":7}},{"start":{"line":115,"column":6},"end":{"line":117,"column":7}}],"line":115},"8":{"loc":{"start":{"line":115,"column":10},"end":{"line":115,"column":60}},"type":"binary-expr","locations":[{"start":{"line":115,"column":10},"end":{"line":115,"column":25}},{"start":{"line":115,"column":29},"end":{"line":115,"column":60}}],"line":115},"9":{"loc":{"start":{"line":116,"column":17},"end":{"line":116,"column":35}},"type":"binary-expr","locations":[{"start":{"line":116,"column":17},"end":{"line":116,"column":23}},{"start":{"line":116,"column":27},"end":{"line":116,"column":35}}],"line":116}},"s":{"0":2,"1":2,"2":2,"3":2,"4":2,"5":2,"6":0,"7":0,"8":0,"9":0,"10":0,"11":0,"12":0,"13":0,"14":0,"15":0,"16":0,"17":0,"18":0,"19":0,"20":0,"21":0,"22":0,"23":0,"24":0,"25":0,"26":0,"27":0,"28":0,"29":0,"30":0,"31":0,"32":0,"33":0,"34":0,"35":0,"36":0,"37":0,"38":0,"39":0,"40":0,"41":0,"42":0,"43":0,"44":0,"45":0,"46":2},"f":{"0":0,"1":0,"2":0,"3":0,"4":0,"5":0,"6":0,"7":0,"8":0,"9":0,"10":0},"b":{"0":[0,0],"1":[0,0],"2":[0,0],"3":[0,0],"4":[0,0],"5":[0,0],"6":[0,0,0],"7":[0,0],"8":[0,0],"9":[0,0]},"_coverageSchema":"332fd63041d2c1bcb487cc26dd0d5f7d97098a6c","hash":"31c0932162fad2a775b554ebc940bbbd5019e9e5"}
,"/home/afonsodev/projects/fullstack-js/server/core/EmailClient.js": {"path":"/home/afonsodev/projects/fullstack-js/server/core/EmailClient.js","statementMap":{"0":{"start":{"line":1,"column":11},"end":{"line":1,"column":0}},"1":{"start":{"line":2,"column":19},"end":{"line":2,"column":0}},"2":{"start":{"line":3,"column":21},"end":{"line":3,"column":0}},"3":{"start":{"line":4,"column":15},"end":{"line":4,"column":0}},"4":{"start":{"line":15,"column":4},"end":{"line":null,"column":-1}},"5":{"start":{"line":36,"column":18},"end":{"line":36,"column":4}},"6":{"start":{"line":37,"column":4},"end":{"line":40,"column":5}},"7":{"start":{"line":38,"column":20},"end":{"line":38,"column":8}},"8":{"start":{"line":39,"column":8},"end":{"line":null,"column":-1}},"9":{"start":{"line":41,"column":21},"end":{"line":41,"column":4}},"10":{"start":{"line":42,"column":4},"end":{"line":null,"column":-1}},"11":{"start":{"line":43,"column":4},"end":{"line":35,"column":38}},"12":{"start":{"line":44,"column":4},"end":{"line":null,"column":-1}},"13":{"start":{"line":54,"column":26},"end":{"line":54,"column":4}},"14":{"start":{"line":55,"column":21},"end":{"line":55,"column":4}},"15":{"start":{"line":56,"column":4},"end":{"line":56,"column":34}},"16":{"start":{"line":56,"column":34},"end":{"line":null,"column":-1}},"17":{"start":{"line":57,"column":4},"end":{"line":null,"column":-1}},"18":{"start":{"line":70,"column":4},"end":{"line":70,"column":21}},"19":{"start":{"line":70,"column":21},"end":{"line":null,"column":-1}},"20":{"start":{"line":73,"column":4},"end":{"line":73,"column":18}},"21":{"start":{"line":73,"column":18},"end":{"line":null,"column":-1}},"22":{"start":{"line":76,"column":24},"end":{"line":76,"column":4}},"23":{"start":{"line":79,"column":17},"end":{"line":79,"column":4}},"24":{"start":{"line":80,"column":24},"end":{"line":80,"column":4}},"25":{"start":{"line":89,"column":4},"end":{"line":null,"column":-1}},"26":{"start":{"line":90,"column":6},"end":{"line":null,"column":-1}},"27":{"start":{"line":91,"column":8},"end":{"line":94,"column":9}},"28":{"start":{"line":92,"column":10},"end":{"line":92,"column":40}},"29":{"start":{"line":92,"column":40},"end":{"line":null,"column":-1}},"30":{"start":{"line":93,"column":10},"end":{"line":null,"column":-1}},"31":{"start":{"line":95,"column":8},"end":{"line":95,"column":38}},"32":{"start":{"line":95,"column":38},"end":{"line":null,"column":-1}},"33":{"start":{"line":96,"column":8},"end":{"line":null,"column":-1}},"34":{"start":{"line":102,"column":0},"end":{"line":null,"column":-1}}},"fnMap":{"0":{"name":"(anonymous_0)","decl":{"start":{"line":14,"column":2},"end":{"line":14,"column":15}},"loc":{"start":{"line":14,"column":16},"end":{"line":27,"column":3}}},"1":{"name":"(anonymous_1)","decl":{"start":{"line":35,"column":2},"end":{"line":35,"column":16}},"loc":{"start":{"line":35,"column":38},"end":{"line":45,"column":3}}},"2":{"name":"(anonymous_2)","decl":{"start":{"line":53,"column":2},"end":{"line":53,"column":14}},"loc":{"start":{"line":53,"column":25},"end":{"line":58,"column":3}}},"3":{"name":"(anonymous_3)","decl":{"start":{"line":67,"column":2},"end":{"line":67,"column":7}},"loc":{"start":{"line":67,"column":66},"end":{"line":99,"column":3}}},"4":{"name":"(anonymous_4)","decl":{"start":{"line":89,"column":23},"end":{"line":89,"column":24}},"loc":{"start":{"line":89,"column":44},"end":{"line":89,"column":11}}},"5":{"name":"(anonymous_5)","decl":{"start":{"line":90,"column":40},"end":{"line":90,"column":41}},"loc":{"start":{"line":90,"column":57},"end":{"line":90,"column":6}}}},"branchMap":{"0":{"loc":{"start":{"line":35,"column":34},"end":{"line":35,"column":2}},"type":"default-arg","locations":[{"start":{"line":35,"column":34},"end":{"line":35,"column":2}}]},"1":{"loc":{"start":{"line":56,"column":4},"end":{"line":56,"column":34}},"type":"if","locations":[{"start":{"line":56,"column":4},"end":{"line":56,"column":34}},{"start":{"line":56,"column":4},"end":{"line":56,"column":34}}]},"2":{"loc":{"start":{"line":67,"column":44},"end":{"line":67,"column":2}},"type":"default-arg","locations":[{"start":{"line":67,"column":44},"end":{"line":67,"column":2}}]},"3":{"loc":{"start":{"line":67,"column":62},"end":{"line":67,"column":2}},"type":"default-arg","locations":[{"start":{"line":67,"column":62},"end":{"line":67,"column":2}}]},"4":{"loc":{"start":{"line":70,"column":4},"end":{"line":70,"column":21}},"type":"if","locations":[{"start":{"line":70,"column":4},"end":{"line":70,"column":21}},{"start":{"line":70,"column":4},"end":{"line":70,"column":21}}]},"5":{"loc":{"start":{"line":73,"column":4},"end":{"line":73,"column":18}},"type":"if","locations":[{"start":{"line":73,"column":4},"end":{"line":73,"column":18}},{"start":{"line":73,"column":4},"end":{"line":73,"column":18}}]},"6":{"loc":{"start":{"line":91,"column":8},"end":{"line":94,"column":9}},"type":"if","locations":[{"start":{"line":91,"column":8},"end":{"line":94,"column":9}},{"start":{"line":91,"column":8},"end":{"line":94,"column":9}}]},"7":{"loc":{"start":{"line":92,"column":10},"end":{"line":92,"column":40}},"type":"if","locations":[{"start":{"line":92,"column":10},"end":{"line":92,"column":40}},{"start":{"line":92,"column":10},"end":{"line":92,"column":40}}]},"8":{"loc":{"start":{"line":95,"column":8},"end":{"line":95,"column":38}},"type":"if","locations":[{"start":{"line":95,"column":8},"end":{"line":95,"column":38}},{"start":{"line":95,"column":8},"end":{"line":95,"column":38}}]}},"s":{"0":0,"1":0,"2":0,"3":0,"4":0,"5":0,"6":0,"7":0,"8":0,"9":0,"10":0,"11":0,"12":0,"13":0,"14":0,"15":0,"16":0,"17":0,"18":0,"19":0,"20":0,"21":0,"22":0,"23":0,"24":0,"25":0,"26":0,"27":0,"28":0,"29":0,"30":0,"31":0,"32":0,"33":0,"34":0},"f":{"0":0,"1":0,"2":0,"3":0,"4":0,"5":0},"b":{"0":[0],"1":[0,0],"2":[0],"3":[0],"4":[0,0],"5":[0,0],"6":[0,0],"7":[0,0],"8":[0,0]}}
,"/home/afonsodev/projects/fullstack-js/server/core/Framework.js": {"path":"/home/afonsodev/projects/fullstack-js/server/core/Framework.js","statementMap":{"0":{"start":{"line":1,"column":11},"end":{"line":1,"column":24}},"1":{"start":{"line":2,"column":13},"end":{"line":2,"column":28}},"2":{"start":{"line":3,"column":14},"end":{"line":3,"column":30}},"3":{"start":{"line":4,"column":12},"end":{"line":4,"column":26}},"4":{"start":{"line":5,"column":15},"end":{"line":5,"column":36}},"5":{"start":{"line":12,"column":0},"end":{"line":16,"column":2}},"6":{"start":{"line":13,"column":17},"end":{"line":13,"column":62}},"7":{"start":{"line":14,"column":2},"end":{"line":14,"column":79}},"8":{"start":{"line":14,"column":38},"end":{"line":14,"column":79}},"9":{"start":{"line":15,"column":2},"end":{"line":15,"column":27}},"10":{"start":{"line":19,"column":22},"end":{"line":19,"column":47}},"11":{"start":{"line":20,"column":22},"end":{"line":20,"column":47}},"12":{"start":{"line":21,"column":23},"end":{"line":21,"column":49}},"13":{"start":{"line":34,"column":4},"end":{"line":34,"column":32}},"14":{"start":{"line":35,"column":4},"end":{"line":35,"column":67}},"15":{"start":{"line":36,"column":4},"end":{"line":38,"column":21}},"16":{"start":{"line":39,"column":4},"end":{"line":41,"column":48}},"17":{"start":{"line":42,"column":6},"end":{"line":42,"column":29}},"18":{"start":{"line":45,"column":16},"end":{"line":70,"column":6}},"19":{"start":{"line":47,"column":8},"end":{"line":47,"column":29}},"20":{"start":{"line":50,"column":8},"end":{"line":50,"column":29}},"21":{"start":{"line":53,"column":8},"end":{"line":53,"column":30}},"22":{"start":{"line":56,"column":8},"end":{"line":56,"column":24}},"23":{"start":{"line":59,"column":8},"end":{"line":59,"column":43}},"24":{"start":{"line":62,"column":8},"end":{"line":62,"column":43}},"25":{"start":{"line":65,"column":8},"end":{"line":65,"column":40}},"26":{"start":{"line":68,"column":8},"end":{"line":68,"column":60}},"27":{"start":{"line":73,"column":4},"end":{"line":73,"column":15}},"28":{"start":{"line":80,"column":4},"end":{"line":80,"column":27}},"29":{"start":{"line":87,"column":4},"end":{"line":87,"column":23}},"30":{"start":{"line":94,"column":27},"end":{"line":94,"column":52}},"31":{"start":{"line":95,"column":23},"end":{"line":95,"column":25}},"32":{"start":{"line":96,"column":4},"end":{"line":98,"column":5}},"33":{"start":{"line":97,"column":6},"end":{"line":97,"column":66}},"34":{"start":{"line":99,"column":4},"end":{"line":99,"column":22}},"35":{"start":{"line":106,"column":17},"end":{"line":106,"column":39}},"36":{"start":{"line":107,"column":16},"end":{"line":110,"column":6}},"37":{"start":{"line":109,"column":6},"end":{"line":109,"column":55}},"38":{"start":{"line":111,"column":4},"end":{"line":111,"column":17}},"39":{"start":{"line":118,"column":19},"end":{"line":118,"column":45}},"40":{"start":{"line":119,"column":4},"end":{"line":119,"column":58}},"41":{"start":{"line":119,"column":29},"end":{"line":119,"column":58}},"42":{"start":{"line":120,"column":4},"end":{"line":120,"column":76}},"43":{"start":{"line":120,"column":29},"end":{"line":120,"column":76}},"44":{"start":{"line":121,"column":4},"end":{"line":121,"column":61}},"45":{"start":{"line":125,"column":0},"end":{"line":125,"column":42}}},"fnMap":{"0":{"name":"(anonymous_0)","decl":{"start":{"line":12,"column":13},"end":{"line":12,"column":14}},"loc":{"start":{"line":12,"column":27},"end":{"line":16,"column":1}},"line":12},"1":{"name":"(anonymous_1)","decl":{"start":{"line":33,"column":2},"end":{"line":33,"column":3}},"loc":{"start":{"line":33,"column":23},"end":{"line":74,"column":3}},"line":33},"2":{"name":"(anonymous_2)","decl":{"start":{"line":46,"column":24},"end":{"line":46,"column":25}},"loc":{"start":{"line":46,"column":30},"end":{"line":48,"column":7}},"line":46},"3":{"name":"(anonymous_3)","decl":{"start":{"line":49,"column":24},"end":{"line":49,"column":25}},"loc":{"start":{"line":49,"column":30},"end":{"line":51,"column":7}},"line":49},"4":{"name":"(anonymous_4)","decl":{"start":{"line":52,"column":25},"end":{"line":52,"column":26}},"loc":{"start":{"line":52,"column":31},"end":{"line":54,"column":7}},"line":52},"5":{"name":"(anonymous_5)","decl":{"start":{"line":55,"column":14},"end":{"line":55,"column":15}},"loc":{"start":{"line":55,"column":20},"end":{"line":57,"column":7}},"line":55},"6":{"name":"(anonymous_6)","decl":{"start":{"line":58,"column":21},"end":{"line":58,"column":22}},"loc":{"start":{"line":58,"column":34},"end":{"line":60,"column":7}},"line":58},"7":{"name":"(anonymous_7)","decl":{"start":{"line":61,"column":21},"end":{"line":61,"column":22}},"loc":{"start":{"line":61,"column":34},"end":{"line":63,"column":7}},"line":61},"8":{"name":"(anonymous_8)","decl":{"start":{"line":64,"column":25},"end":{"line":64,"column":26}},"loc":{"start":{"line":64,"column":31},"end":{"line":66,"column":7}},"line":64},"9":{"name":"(anonymous_9)","decl":{"start":{"line":67,"column":17},"end":{"line":67,"column":18}},"loc":{"start":{"line":67,"column":58},"end":{"line":69,"column":7}},"line":67},"10":{"name":"(anonymous_10)","decl":{"start":{"line":79,"column":2},"end":{"line":79,"column":3}},"loc":{"start":{"line":79,"column":18},"end":{"line":81,"column":3}},"line":79},"11":{"name":"(anonymous_11)","decl":{"start":{"line":86,"column":2},"end":{"line":86,"column":3}},"loc":{"start":{"line":86,"column":18},"end":{"line":88,"column":3}},"line":86},"12":{"name":"(anonymous_12)","decl":{"start":{"line":93,"column":2},"end":{"line":93,"column":3}},"loc":{"start":{"line":93,"column":22},"end":{"line":100,"column":3}},"line":93},"13":{"name":"(anonymous_13)","decl":{"start":{"line":105,"column":2},"end":{"line":105,"column":3}},"loc":{"start":{"line":105,"column":23},"end":{"line":112,"column":3}},"line":105},"14":{"name":"(anonymous_14)","decl":{"start":{"line":108,"column":12},"end":{"line":108,"column":13}},"loc":{"start":{"line":108,"column":20},"end":{"line":110,"column":5}},"line":108},"15":{"name":"(anonymous_15)","decl":{"start":{"line":117,"column":2},"end":{"line":117,"column":3}},"loc":{"start":{"line":117,"column":49},"end":{"line":122,"column":3}},"line":117}},"branchMap":{"0":{"loc":{"start":{"line":14,"column":2},"end":{"line":14,"column":79}},"type":"if","locations":[{"start":{"line":14,"column":2},"end":{"line":14,"column":79}},{"start":{"line":14,"column":2},"end":{"line":14,"column":79}}],"line":14},"1":{"loc":{"start":{"line":35,"column":25},"end":{"line":35,"column":61}},"type":"binary-expr","locations":[{"start":{"line":35,"column":25},"end":{"line":35,"column":53}},{"start":{"line":35,"column":57},"end":{"line":35,"column":61}}],"line":35},"2":{"loc":{"start":{"line":36,"column":18},"end":{"line":38,"column":20}},"type":"cond-expr","locations":[{"start":{"line":37,"column":6},"end":{"line":37,"column":20}},{"start":{"line":38,"column":8},"end":{"line":38,"column":20}}],"line":36},"3":{"loc":{"start":{"line":36,"column":18},"end":{"line":36,"column":43}},"type":"binary-expr","locations":[{"start":{"line":36,"column":18},"end":{"line":36,"column":25}},{"start":{"line":36,"column":29},"end":{"line":36,"column":43}}],"line":36},"4":{"loc":{"start":{"line":39,"column":22},"end":{"line":41,"column":47}},"type":"cond-expr","locations":[{"start":{"line":40,"column":6},"end":{"line":40,"column":44}},{"start":{"line":41,"column":8},"end":{"line":41,"column":47}}],"line":39},"5":{"loc":{"start":{"line":39,"column":22},"end":{"line":39,"column":46}},"type":"binary-expr","locations":[{"start":{"line":39,"column":22},"end":{"line":39,"column":29}},{"start":{"line":39,"column":33},"end":{"line":39,"column":46}}],"line":39},"6":{"loc":{"start":{"line":120,"column":4},"end":{"line":120,"column":76}},"type":"if","locations":[{"start":{"line":120,"column":4},"end":{"line":120,"column":76}},{"start":{"line":120,"column":4},"end":{"line":120,"column":76}}],"line":120}},"s":{"0":2,"1":2,"2":2,"3":2,"4":2,"5":2,"6":35,"7":35,"8":34,"9":35,"10":2,"11":2,"12":2,"13":11,"14":11,"15":11,"16":11,"17":11,"18":11,"19":2,"20":1,"21":1,"22":2,"23":1,"24":2,"25":1,"26":1,"27":11,"28":1,"29":2,"30":1,"31":1,"32":1,"33":3,"34":1,"35":1,"36":1,"37":3,"38":1,"39":1,"40":1,"41":3,"42":1,"43":0,"44":1,"45":2},"f":{"0":35,"1":11,"2":2,"3":1,"4":1,"5":2,"6":1,"7":2,"8":1,"9":1,"10":1,"11":2,"12":1,"13":1,"14":3,"15":1},"b":{"0":[34,1],"1":[11,0],"2":[0,11],"3":[11,1],"4":[0,11],"5":[11,1],"6":[0,1]},"_coverageSchema":"332fd63041d2c1bcb487cc26dd0d5f7d97098a6c","hash":"32bb3f84a7f97aaa0cf96973a3a5c87d3c7beed5"}
,"/home/afonsodev/projects/fullstack-js/server/core/GraphqlAuthorization.js": {"path":"/home/afonsodev/projects/fullstack-js/server/core/GraphqlAuthorization.js","statementMap":{"0":{"start":{"line":1,"column":15},"end":{"line":1,"column":0}},"1":{"start":{"line":2,"column":16},"end":{"line":2,"column":0}},"2":{"start":{"line":3,"column":13},"end":{"line":3,"column":0}},"3":{"start":{"line":4,"column":22},"end":{"line":4,"column":0}},"4":{"start":{"line":18,"column":15},"end":{"line":18,"column":4}},"5":{"start":{"line":21,"column":19},"end":{"line":21,"column":6}},"6":{"start":{"line":22,"column":20},"end":{"line":22,"column":6}},"7":{"start":{"line":23,"column":21},"end":{"line":23,"column":6}},"8":{"start":{"line":26,"column":6},"end":{"line":26,"column":36}},"9":{"start":{"line":26,"column":36},"end":{"line":null,"column":-1}},"10":{"start":{"line":29,"column":23},"end":{"line":29,"column":8}},"11":{"start":{"line":36,"column":6},"end":{"line":36,"column":20}},"12":{"start":{"line":36,"column":20},"end":{"line":null,"column":-1}},"13":{"start":{"line":39,"column":6},"end":{"line":null,"column":-1}},"14":{"start":{"line":40,"column":17},"end":{"line":40,"column":6}},"15":{"start":{"line":41,"column":6},"end":{"line":null,"column":-1}},"16":{"start":{"line":42,"column":6},"end":{"line":null,"column":-1}},"17":{"start":{"line":44,"column":4},"end":{"line":null,"column":-1}},"18":{"start":{"line":48,"column":0},"end":{"line":null,"column":-1}}},"fnMap":{"0":{"name":"(anonymous_0)","decl":{"start":{"line":17,"column":2},"end":{"line":17,"column":8}},"loc":{"start":{"line":17,"column":39},"end":{"line":45,"column":3}}},"1":{"name":"(anonymous_1)","decl":{"start":{"line":18,"column":15},"end":{"line":18,"column":21}},"loc":{"start":{"line":18,"column":46},"end":{"line":18,"column":4}}},"2":{"name":"(anonymous_2)","decl":{"start":{"line":29,"column":18},"end":{"line":29,"column":22}},"loc":{"start":{"line":29,"column":23},"end":{"line":29,"column":8}}}},"branchMap":{"0":{"loc":{"start":{"line":2,"column":16},"end":{"line":2,"column":15}},"type":"binary-expr","locations":[{"start":{"line":2,"column":16},"end":{"line":2,"column":15}},{"start":{"line":2,"column":50},"end":{"line":2,"column":0}}]},"1":{"loc":{"start":{"line":26,"column":6},"end":{"line":26,"column":36}},"type":"if","locations":[{"start":{"line":26,"column":6},"end":{"line":26,"column":36}},{"start":{"line":26,"column":6},"end":{"line":26,"column":36}}]},"2":{"loc":{"start":{"line":28,"column":15},"end":{"line":28,"column":8}},"type":"cond-expr","locations":[{"start":{"line":28,"column":15},"end":{"line":28,"column":8}},{"start":{"line":28,"column":31},"end":{"line":26,"column":36}}]},"3":{"loc":{"start":{"line":36,"column":6},"end":{"line":36,"column":20}},"type":"if","locations":[{"start":{"line":36,"column":6},"end":{"line":36,"column":20}},{"start":{"line":36,"column":6},"end":{"line":36,"column":20}}]}},"s":{"0":0,"1":0,"2":0,"3":0,"4":0,"5":0,"6":0,"7":0,"8":0,"9":0,"10":0,"11":0,"12":0,"13":0,"14":0,"15":0,"16":0,"17":0,"18":0},"f":{"0":0,"1":0,"2":0},"b":{"0":[0,0],"1":[0,0],"2":[0,0],"3":[0,0]}}
,"/home/afonsodev/projects/fullstack-js/server/core/GraphqlManager.js": {"path":"/home/afonsodev/projects/fullstack-js/server/core/GraphqlManager.js","statementMap":{"0":{"start":{"line":1,"column":11},"end":{"line":1,"column":24}},"1":{"start":{"line":2,"column":14},"end":{"line":2,"column":37}},"2":{"start":{"line":3,"column":30},"end":{"line":3,"column":58}},"3":{"start":{"line":4,"column":22},"end":{"line":4,"column":47}},"4":{"start":{"line":16,"column":21},"end":{"line":16,"column":49}},"5":{"start":{"line":17,"column":22},"end":{"line":17,"column":71}},"6":{"start":{"line":18,"column":19},"end":{"line":22,"column":6}},"7":{"start":{"line":21,"column":29},"end":{"line":21,"column":36}},"8":{"start":{"line":23,"column":4},"end":{"line":23,"column":18}},"9":{"start":{"line":31,"column":15},"end":{"line":31,"column":28}},"10":{"start":{"line":32,"column":28},"end":{"line":32,"column":30}},"11":{"start":{"line":33,"column":24},"end":{"line":33,"column":44}},"12":{"start":{"line":34,"column":4},"end":{"line":41,"column":5}},"13":{"start":{"line":35,"column":21},"end":{"line":35,"column":43}},"14":{"start":{"line":36,"column":24},"end":{"line":36,"column":49}},"15":{"start":{"line":37,"column":6},"end":{"line":40,"column":7}},"16":{"start":{"line":38,"column":29},"end":{"line":38,"column":49}},"17":{"start":{"line":39,"column":8},"end":{"line":39,"column":69}},"18":{"start":{"line":44,"column":27},"end":{"line":44,"column":29}},"19":{"start":{"line":47,"column":4},"end":{"line":60,"column":7}},"20":{"start":{"line":48,"column":6},"end":{"line":48,"column":56}},"21":{"start":{"line":49,"column":6},"end":{"line":59,"column":9}},"22":{"start":{"line":50,"column":25},"end":{"line":50,"column":42}},"23":{"start":{"line":51,"column":25},"end":{"line":51,"column":54}},"24":{"start":{"line":54,"column":8},"end":{"line":57,"column":48}},"25":{"start":{"line":55,"column":10},"end":{"line":55,"column":90}},"26":{"start":{"line":57,"column":10},"end":{"line":57,"column":48}},"27":{"start":{"line":63,"column":4},"end":{"line":63,"column":26}},"28":{"start":{"line":72,"column":21},"end":{"line":72,"column":54}},"29":{"start":{"line":73,"column":4},"end":{"line":76,"column":5}},"30":{"start":{"line":74,"column":21},"end":{"line":74,"column":58}},"31":{"start":{"line":75,"column":6},"end":{"line":75,"column":50}},"32":{"start":{"line":79,"column":19},"end":{"line":79,"column":44}},"33":{"start":{"line":80,"column":4},"end":{"line":80,"column":26}},"34":{"start":{"line":87,"column":4},"end":{"line":88,"column":22}},"35":{"start":{"line":95,"column":19},"end":{"line":95,"column":56}},"36":{"start":{"line":96,"column":21},"end":{"line":96,"column":54}},"37":{"start":{"line":97,"column":4},"end":{"line":97,"column":48}},"38":{"start":{"line":101,"column":0},"end":{"line":101,"column":32}}},"fnMap":{"0":{"name":"(anonymous_0)","decl":{"start":{"line":15,"column":2},"end":{"line":15,"column":3}},"loc":{"start":{"line":15,"column":47},"end":{"line":24,"column":3}},"line":15},"1":{"name":"(anonymous_1)","decl":{"start":{"line":21,"column":15},"end":{"line":21,"column":16}},"loc":{"start":{"line":21,"column":29},"end":{"line":21,"column":36}},"line":21},"2":{"name":"(anonymous_2)","decl":{"start":{"line":30,"column":2},"end":{"line":30,"column":3}},"loc":{"start":{"line":30,"column":44},"end":{"line":64,"column":3}},"line":30},"3":{"name":"(anonymous_3)","decl":{"start":{"line":47,"column":39},"end":{"line":47,"column":40}},"loc":{"start":{"line":47,"column":47},"end":{"line":60,"column":5}},"line":47},"4":{"name":"(anonymous_4)","decl":{"start":{"line":49,"column":47},"end":{"line":49,"column":48}},"loc":{"start":{"line":49,"column":55},"end":{"line":59,"column":7}},"line":49},"5":{"name":"(anonymous_5)","decl":{"start":{"line":69,"column":2},"end":{"line":69,"column":3}},"loc":{"start":{"line":69,"column":23},"end":{"line":81,"column":3}},"line":69},"6":{"name":"(anonymous_6)","decl":{"start":{"line":86,"column":2},"end":{"line":86,"column":3}},"loc":{"start":{"line":86,"column":28},"end":{"line":89,"column":3}},"line":86},"7":{"name":"(anonymous_7)","decl":{"start":{"line":94,"column":2},"end":{"line":94,"column":3}},"loc":{"start":{"line":94,"column":23},"end":{"line":98,"column":3}},"line":94}},"branchMap":{"0":{"loc":{"start":{"line":37,"column":6},"end":{"line":40,"column":7}},"type":"if","locations":[{"start":{"line":37,"column":6},"end":{"line":40,"column":7}},{"start":{"line":37,"column":6},"end":{"line":40,"column":7}}],"line":37},"1":{"loc":{"start":{"line":48,"column":29},"end":{"line":48,"column":55}},"type":"binary-expr","locations":[{"start":{"line":48,"column":29},"end":{"line":48,"column":49}},{"start":{"line":48,"column":53},"end":{"line":48,"column":55}}],"line":48},"2":{"loc":{"start":{"line":54,"column":8},"end":{"line":57,"column":48}},"type":"if","locations":[{"start":{"line":54,"column":8},"end":{"line":57,"column":48}},{"start":{"line":54,"column":8},"end":{"line":57,"column":48}}],"line":54},"3":{"loc":{"start":{"line":73,"column":4},"end":{"line":76,"column":5}},"type":"if","locations":[{"start":{"line":73,"column":4},"end":{"line":76,"column":5}},{"start":{"line":73,"column":4},"end":{"line":76,"column":5}}],"line":73},"4":{"loc":{"start":{"line":87,"column":12},"end":{"line":87,"column":54}},"type":"binary-expr","locations":[{"start":{"line":87,"column":12},"end":{"line":87,"column":41}},{"start":{"line":87,"column":45},"end":{"line":87,"column":54}}],"line":87}},"s":{"0":2,"1":2,"2":2,"3":2,"4":0,"5":0,"6":0,"7":0,"8":0,"9":0,"10":0,"11":0,"12":0,"13":0,"14":0,"15":0,"16":0,"17":0,"18":0,"19":0,"20":0,"21":0,"22":0,"23":0,"24":0,"25":0,"26":0,"27":0,"28":0,"29":0,"30":0,"31":0,"32":0,"33":0,"34":0,"35":0,"36":0,"37":0,"38":2},"f":{"0":0,"1":0,"2":0,"3":0,"4":0,"5":0,"6":0,"7":0},"b":{"0":[0,0],"1":[0,0],"2":[0,0],"3":[0,0],"4":[0,0]},"_coverageSchema":"332fd63041d2c1bcb487cc26dd0d5f7d97098a6c","hash":"237a28dd7a90f314bb4a287533bd3bcd18c115c8"}
,"/home/afonsodev/projects/fullstack-js/server/core/Model.js": {"path":"/home/afonsodev/projects/fullstack-js/server/core/Model.js","statementMap":{"0":{"start":{"line":4,"column":18},"end":{"line":4,"column":38}},"1":{"start":{"line":5,"column":13},"end":{"line":5,"column":28}},"2":{"start":{"line":6,"column":17},"end":{"line":6,"column":39}},"3":{"start":{"line":9,"column":12},"end":{"line":9,"column":46}},"4":{"start":{"line":10,"column":13},"end":{"line":10,"column":32}},"5":{"start":{"line":13,"column":0},"end":{"line":13,"column":17}},"6":{"start":{"line":15,"column":0},"end":{"line":15,"column":23}}},"fnMap":{},"branchMap":{},"s":{"0":2,"1":2,"2":2,"3":2,"4":2,"5":2,"6":2},"f":{},"b":{},"_coverageSchema":"332fd63041d2c1bcb487cc26dd0d5f7d97098a6c","hash":"fccf195a94701564e58b3bd9de0d4b8f69c164c7"}
,"/home/afonsodev/projects/fullstack-js/server/core/ModuleManager.js": {"path":"/home/afonsodev/projects/fullstack-js/server/core/ModuleManager.js","statementMap":{"0":{"start":{"line":1,"column":11},"end":{"line":1,"column":24}},"1":{"start":{"line":2,"column":15},"end":{"line":2,"column":36}},"2":{"start":{"line":13,"column":15},"end":{"line":13,"column":37}},"3":{"start":{"line":14,"column":18},"end":{"line":14,"column":20}},"4":{"start":{"line":15,"column":4},"end":{"line":17,"column":7}},"5":{"start":{"line":16,"column":6},"end":{"line":16,"column":80}},"6":{"start":{"line":16,"column":52},"end":{"line":16,"column":80}},"7":{"start":{"line":18,"column":4},"end":{"line":18,"column":45}},"8":{"start":{"line":19,"column":4},"end":{"line":21,"column":7}},"9":{"start":{"line":20,"column":6},"end":{"line":20,"column":80}},"10":{"start":{"line":20,"column":52},"end":{"line":20,"column":80}},"11":{"start":{"line":22,"column":4},"end":{"line":22,"column":19}},"12":{"start":{"line":29,"column":17},"end":{"line":29,"column":30}},"13":{"start":{"line":30,"column":19},"end":{"line":30,"column":21}},"14":{"start":{"line":31,"column":20},"end":{"line":31,"column":42}},"15":{"start":{"line":32,"column":4},"end":{"line":37,"column":5}},"16":{"start":{"line":33,"column":21},"end":{"line":33,"column":40}},"17":{"start":{"line":34,"column":24},"end":{"line":34,"column":43}},"18":{"start":{"line":35,"column":17},"end":{"line":35,"column":38}},"19":{"start":{"line":36,"column":6},"end":{"line":36,"column":71}},"20":{"start":{"line":36,"column":35},"end":{"line":36,"column":71}},"21":{"start":{"line":38,"column":4},"end":{"line":38,"column":18}},"22":{"start":{"line":45,"column":21},"end":{"line":46,"column":25}},"23":{"start":{"line":47,"column":4},"end":{"line":47,"column":35}},"24":{"start":{"line":56,"column":4},"end":{"line":57,"column":29}},"25":{"start":{"line":64,"column":17},"end":{"line":64,"column":30}},"26":{"start":{"line":65,"column":19},"end":{"line":65,"column":21}},"27":{"start":{"line":68,"column":20},"end":{"line":68,"column":49}},"28":{"start":{"line":69,"column":4},"end":{"line":69,"column":50}},"29":{"start":{"line":70,"column":4},"end":{"line":70,"column":76}},"30":{"start":{"line":73,"column":16},"end":{"line":73,"column":49}},"31":{"start":{"line":74,"column":4},"end":{"line":74,"column":53}},"32":{"start":{"line":75,"column":4},"end":{"line":75,"column":72}},"33":{"start":{"line":76,"column":4},"end":{"line":76,"column":44}},"34":{"start":{"line":77,"column":4},"end":{"line":77,"column":52}},"35":{"start":{"line":78,"column":4},"end":{"line":78,"column":72}},"36":{"start":{"line":85,"column":17},"end":{"line":85,"column":30}},"37":{"start":{"line":86,"column":24},"end":{"line":86,"column":46}},"38":{"start":{"line":87,"column":20},"end":{"line":87,"column":22}},"39":{"start":{"line":90,"column":4},"end":{"line":101,"column":5}},"40":{"start":{"line":91,"column":21},"end":{"line":91,"column":43}},"41":{"start":{"line":92,"column":24},"end":{"line":92,"column":43}},"42":{"start":{"line":93,"column":6},"end":{"line":100,"column":7}},"43":{"start":{"line":94,"column":24},"end":{"line":94,"column":44}},"44":{"start":{"line":95,"column":8},"end":{"line":99,"column":11}},"45":{"start":{"line":96,"column":10},"end":{"line":98,"column":13}},"46":{"start":{"line":97,"column":12},"end":{"line":97,"column":45}},"47":{"start":{"line":104,"column":19},"end":{"line":104,"column":31}},"48":{"start":{"line":105,"column":4},"end":{"line":112,"column":5}},"49":{"start":{"line":106,"column":21},"end":{"line":106,"column":40}},"50":{"start":{"line":107,"column":24},"end":{"line":107,"column":40}},"51":{"start":{"line":108,"column":6},"end":{"line":111,"column":7}},"52":{"start":{"line":109,"column":21},"end":{"line":109,"column":41}},"53":{"start":{"line":110,"column":8},"end":{"line":110,"column":29}},"54":{"start":{"line":113,"column":22},"end":{"line":113,"column":44}},"55":{"start":{"line":114,"column":4},"end":{"line":116,"column":7}},"56":{"start":{"line":115,"column":6},"end":{"line":115,"column":33}},"57":{"start":{"line":119,"column":4},"end":{"line":119,"column":33}},"58":{"start":{"line":122,"column":4},"end":{"line":122,"column":21}},"59":{"start":{"line":131,"column":21},"end":{"line":132,"column":34}},"60":{"start":{"line":133,"column":4},"end":{"line":133,"column":35}},"61":{"start":{"line":142,"column":16},"end":{"line":142,"column":18}},"62":{"start":{"line":143,"column":30},"end":{"line":143,"column":36}},"63":{"start":{"line":144,"column":4},"end":{"line":150,"column":7}},"64":{"start":{"line":145,"column":20},"end":{"line":145,"column":51}},"65":{"start":{"line":146,"column":19},"end":{"line":146,"column":32}},"66":{"start":{"line":147,"column":6},"end":{"line":149,"column":7}},"67":{"start":{"line":148,"column":8},"end":{"line":148,"column":47}},"68":{"start":{"line":151,"column":4},"end":{"line":151,"column":17}},"69":{"start":{"line":158,"column":17},"end":{"line":158,"column":30}},"70":{"start":{"line":159,"column":18},"end":{"line":159,"column":20}},"71":{"start":{"line":160,"column":20},"end":{"line":160,"column":22}},"72":{"start":{"line":161,"column":16},"end":{"line":161,"column":18}},"73":{"start":{"line":162,"column":24},"end":{"line":162,"column":46}},"74":{"start":{"line":163,"column":4},"end":{"line":170,"column":5}},"75":{"start":{"line":164,"column":21},"end":{"line":164,"column":46}},"76":{"start":{"line":165,"column":6},"end":{"line":165,"column":71}},"77":{"start":{"line":165,"column":35},"end":{"line":165,"column":71}},"78":{"start":{"line":166,"column":6},"end":{"line":166,"column":45}},"79":{"start":{"line":167,"column":6},"end":{"line":167,"column":74}},"80":{"start":{"line":167,"column":35},"end":{"line":167,"column":74}},"81":{"start":{"line":168,"column":6},"end":{"line":168,"column":41}},"82":{"start":{"line":169,"column":6},"end":{"line":169,"column":70}},"83":{"start":{"line":169,"column":35},"end":{"line":169,"column":70}},"84":{"start":{"line":173,"column":19},"end":{"line":183,"column":1}},"85":{"start":{"line":186,"column":4},"end":{"line":186,"column":18}},"86":{"start":{"line":190,"column":0},"end":{"line":190,"column":31}}},"fnMap":{"0":{"name":"(anonymous_0)","decl":{"start":{"line":12,"column":2},"end":{"line":12,"column":3}},"loc":{"start":{"line":12,"column":27},"end":{"line":23,"column":3}},"line":12},"1":{"name":"(anonymous_1)","decl":{"start":{"line":15,"column":55},"end":{"line":15,"column":56}},"loc":{"start":{"line":15,"column":63},"end":{"line":17,"column":5}},"line":15},"2":{"name":"(anonymous_2)","decl":{"start":{"line":19,"column":33},"end":{"line":19,"column":34}},"loc":{"start":{"line":19,"column":41},"end":{"line":21,"column":5}},"line":19},"3":{"name":"(anonymous_3)","decl":{"start":{"line":28,"column":2},"end":{"line":28,"column":3}},"loc":{"start":{"line":28,"column":22},"end":{"line":39,"column":3}},"line":28},"4":{"name":"(anonymous_4)","decl":{"start":{"line":44,"column":2},"end":{"line":44,"column":3}},"loc":{"start":{"line":44,"column":29},"end":{"line":48,"column":3}},"line":44},"5":{"name":"(anonymous_5)","decl":{"start":{"line":55,"column":2},"end":{"line":55,"column":3}},"loc":{"start":{"line":55,"column":32},"end":{"line":58,"column":3}},"line":55},"6":{"name":"(anonymous_6)","decl":{"start":{"line":63,"column":2},"end":{"line":63,"column":3}},"loc":{"start":{"line":63,"column":23},"end":{"line":79,"column":3}},"line":63},"7":{"name":"(anonymous_7)","decl":{"start":{"line":84,"column":2},"end":{"line":84,"column":3}},"loc":{"start":{"line":84,"column":34},"end":{"line":123,"column":3}},"line":84},"8":{"name":"(anonymous_8)","decl":{"start":{"line":95,"column":35},"end":{"line":95,"column":36}},"loc":{"start":{"line":95,"column":43},"end":{"line":99,"column":9}},"line":95},"9":{"name":"(anonymous_9)","decl":{"start":{"line":96,"column":43},"end":{"line":96,"column":44}},"loc":{"start":{"line":96,"column":51},"end":{"line":98,"column":11}},"line":96},"10":{"name":"(anonymous_10)","decl":{"start":{"line":114,"column":14},"end":{"line":114,"column":15}},"loc":{"start":{"line":114,"column":23},"end":{"line":116,"column":5}},"line":114},"11":{"name":"(anonymous_11)","decl":{"start":{"line":130,"column":2},"end":{"line":130,"column":3}},"loc":{"start":{"line":130,"column":29},"end":{"line":134,"column":3}},"line":130},"12":{"name":"(anonymous_12)","decl":{"start":{"line":141,"column":2},"end":{"line":141,"column":3}},"loc":{"start":{"line":141,"column":34},"end":{"line":152,"column":3}},"line":141},"13":{"name":"(anonymous_13)","decl":{"start":{"line":144,"column":46},"end":{"line":144,"column":47}},"loc":{"start":{"line":144,"column":51},"end":{"line":150,"column":5}},"line":144},"14":{"name":"(anonymous_14)","decl":{"start":{"line":157,"column":2},"end":{"line":157,"column":3}},"loc":{"start":{"line":157,"column":33},"end":{"line":187,"column":3}},"line":157}},"branchMap":{"0":{"loc":{"start":{"line":16,"column":6},"end":{"line":16,"column":80}},"type":"if","locations":[{"start":{"line":16,"column":6},"end":{"line":16,"column":80}},{"start":{"line":16,"column":6},"end":{"line":16,"column":80}}],"line":16},"1":{"loc":{"start":{"line":20,"column":6},"end":{"line":20,"column":80}},"type":"if","locations":[{"start":{"line":20,"column":6},"end":{"line":20,"column":80}},{"start":{"line":20,"column":6},"end":{"line":20,"column":80}}],"line":20},"2":{"loc":{"start":{"line":36,"column":6},"end":{"line":36,"column":71}},"type":"if","locations":[{"start":{"line":36,"column":6},"end":{"line":36,"column":71}},{"start":{"line":36,"column":6},"end":{"line":36,"column":71}}],"line":36},"3":{"loc":{"start":{"line":45,"column":22},"end":{"line":45,"column":64}},"type":"binary-expr","locations":[{"start":{"line":45,"column":22},"end":{"line":45,"column":51}},{"start":{"line":45,"column":55},"end":{"line":45,"column":64}}],"line":45},"4":{"loc":{"start":{"line":56,"column":12},"end":{"line":56,"column":54}},"type":"binary-expr","locations":[{"start":{"line":56,"column":12},"end":{"line":56,"column":41}},{"start":{"line":56,"column":45},"end":{"line":56,"column":54}}],"line":56},"5":{"loc":{"start":{"line":93,"column":6},"end":{"line":100,"column":7}},"type":"if","locations":[{"start":{"line":93,"column":6},"end":{"line":100,"column":7}},{"start":{"line":93,"column":6},"end":{"line":100,"column":7}}],"line":93},"6":{"loc":{"start":{"line":108,"column":6},"end":{"line":111,"column":7}},"type":"if","locations":[{"start":{"line":108,"column":6},"end":{"line":111,"column":7}},{"start":{"line":108,"column":6},"end":{"line":111,"column":7}}],"line":108},"7":{"loc":{"start":{"line":131,"column":22},"end":{"line":131,"column":64}},"type":"binary-expr","locations":[{"start":{"line":131,"column":22},"end":{"line":131,"column":51}},{"start":{"line":131,"column":55},"end":{"line":131,"column":64}}],"line":131},"8":{"loc":{"start":{"line":147,"column":6},"end":{"line":149,"column":7}},"type":"if","locations":[{"start":{"line":147,"column":6},"end":{"line":149,"column":7}},{"start":{"line":147,"column":6},"end":{"line":149,"column":7}}],"line":147},"9":{"loc":{"start":{"line":147,"column":10},"end":{"line":147,"column":77}},"type":"binary-expr","locations":[{"start":{"line":147,"column":10},"end":{"line":147,"column":16}},{"start":{"line":147,"column":21},"end":{"line":147,"column":76}}],"line":147},"10":{"loc":{"start":{"line":165,"column":6},"end":{"line":165,"column":71}},"type":"if","locations":[{"start":{"line":165,"column":6},"end":{"line":165,"column":71}},{"start":{"line":165,"column":6},"end":{"line":165,"column":71}}],"line":165},"11":{"loc":{"start":{"line":167,"column":6},"end":{"line":167,"column":74}},"type":"if","locations":[{"start":{"line":167,"column":6},"end":{"line":167,"column":74}},{"start":{"line":167,"column":6},"end":{"line":167,"column":74}}],"line":167},"12":{"loc":{"start":{"line":169,"column":6},"end":{"line":169,"column":70}},"type":"if","locations":[{"start":{"line":169,"column":6},"end":{"line":169,"column":70}},{"start":{"line":169,"column":6},"end":{"line":169,"column":70}}],"line":169}},"s":{"0":2,"1":2,"2":6,"3":6,"4":6,"5":18,"6":18,"7":6,"8":6,"9":6,"10":6,"11":6,"12":2,"13":2,"14":2,"15":2,"16":8,"17":8,"18":8,"19":8,"20":6,"21":2,"22":1,"23":1,"24":4,"25":1,"26":1,"27":1,"28":1,"29":1,"30":1,"31":1,"32":1,"33":1,"34":1,"35":1,"36":2,"37":2,"38":2,"39":2,"40":8,"41":8,"42":8,"43":8,"44":8,"45":14,"46":46,"47":2,"48":2,"49":8,"50":8,"51":8,"52":6,"53":6,"54":2,"55":2,"56":10,"57":2,"58":2,"59":2,"60":2,"61":4,"62":4,"63":4,"64":6,"65":6,"66":6,"67":6,"68":4,"69":1,"70":1,"71":1,"72":1,"73":1,"74":1,"75":4,"76":4,"77":4,"78":4,"79":4,"80":3,"81":4,"82":4,"83":4,"84":1,"85":1,"86":2},"f":{"0":6,"1":18,"2":6,"3":2,"4":1,"5":4,"6":1,"7":2,"8":14,"9":46,"10":10,"11":2,"12":4,"13":6,"14":1},"b":{"0":[18,0],"1":[6,0],"2":[6,2],"3":[1,0],"4":[4,0],"5":[8,0],"6":[6,2],"7":[2,0],"8":[6,0],"9":[6,6],"10":[4,0],"11":[3,1],"12":[4,0]},"_coverageSchema":"332fd63041d2c1bcb487cc26dd0d5f7d97098a6c","hash":"ce422bbbe6c25cbfef137e309b166bdd941594f9"}
,"/home/afonsodev/projects/fullstack-js/server/core/RouterAuthorization.js": {"path":"/home/afonsodev/projects/fullstack-js/server/core/RouterAuthorization.js","statementMap":{"0":{"start":{"line":1,"column":15},"end":{"line":1,"column":0}},"1":{"start":{"line":2,"column":22},"end":{"line":2,"column":0}},"2":{"start":{"line":3,"column":15},"end":{"line":3,"column":0}},"3":{"start":{"line":4,"column":16},"end":{"line":4,"column":0}},"4":{"start":{"line":5,"column":13},"end":{"line":5,"column":0}},"5":{"start":{"line":18,"column":19},"end":{"line":18,"column":4}},"6":{"start":{"line":19,"column":22},"end":{"line":19,"column":4}},"7":{"start":{"line":20,"column":4},"end":{"line":null,"column":-1}},"8":{"start":{"line":21,"column":6},"end":{"line":null,"column":-1}},"9":{"start":{"line":22,"column":8},"end":{"line":30,"column":9}},"10":{"start":{"line":23,"column":10},"end":{"line":null,"column":-1}},"11":{"start":{"line":25,"column":10},"end":{"line":29,"column":11}},"12":{"start":{"line":26,"column":12},"end":{"line":null,"column":-1}},"13":{"start":{"line":28,"column":12},"end":{"line":null,"column":-1}},"14":{"start":{"line":33,"column":4},"end":{"line":null,"column":-1}},"15":{"start":{"line":34,"column":4},"end":{"line":null,"column":-1}},"16":{"start":{"line":47,"column":17},"end":{"line":47,"column":4}},"17":{"start":{"line":48,"column":18},"end":{"line":48,"column":4}},"18":{"start":{"line":49,"column":19},"end":{"line":49,"column":4}},"19":{"start":{"line":52,"column":4},"end":{"line":52,"column":34}},"20":{"start":{"line":52,"column":34},"end":{"line":null,"column":-1}},"21":{"start":{"line":55,"column":21},"end":{"line":55,"column":6}},"22":{"start":{"line":62,"column":4},"end":{"line":62,"column":18}},"23":{"start":{"line":62,"column":18},"end":{"line":null,"column":-1}},"24":{"start":{"line":65,"column":15},"end":{"line":65,"column":4}},"25":{"start":{"line":66,"column":4},"end":{"line":null,"column":-1}},"26":{"start":{"line":67,"column":4},"end":{"line":null,"column":-1}},"27":{"start":{"line":68,"column":4},"end":{"line":null,"column":-1}},"28":{"start":{"line":72,"column":0},"end":{"line":null,"column":-1}}},"fnMap":{"0":{"name":"(anonymous_0)","decl":{"start":{"line":17,"column":2},"end":{"line":17,"column":8}},"loc":{"start":{"line":17,"column":34},"end":{"line":35,"column":3}}},"1":{"name":"(anonymous_1)","decl":{"start":{"line":20,"column":14},"end":{"line":20,"column":22}},"loc":{"start":{"line":20,"column":23},"end":{"line":20,"column":4}}},"2":{"name":"(anonymous_2)","decl":{"start":{"line":21,"column":29},"end":{"line":21,"column":35}},"loc":{"start":{"line":21,"column":50},"end":{"line":21,"column":6}}},"3":{"name":"(anonymous_3)","decl":{"start":{"line":44,"column":2},"end":{"line":44,"column":14}},"loc":{"start":{"line":44,"column":46},"end":{"line":69,"column":3}}},"4":{"name":"(anonymous_4)","decl":{"start":{"line":55,"column":16},"end":{"line":55,"column":20}},"loc":{"start":{"line":55,"column":21},"end":{"line":55,"column":6}}}},"branchMap":{"0":{"loc":{"start":{"line":4,"column":16},"end":{"line":4,"column":15}},"type":"binary-expr","locations":[{"start":{"line":4,"column":16},"end":{"line":4,"column":15}},{"start":{"line":4,"column":50},"end":{"line":4,"column":0}}]},"1":{"loc":{"start":{"line":25,"column":10},"end":{"line":29,"column":11}},"type":"if","locations":[{"start":{"line":25,"column":10},"end":{"line":29,"column":11}},{"start":{"line":25,"column":10},"end":{"line":29,"column":11}}]},"2":{"loc":{"start":{"line":52,"column":4},"end":{"line":52,"column":34}},"type":"if","locations":[{"start":{"line":52,"column":4},"end":{"line":52,"column":34}},{"start":{"line":52,"column":4},"end":{"line":52,"column":34}}]},"3":{"loc":{"start":{"line":54,"column":13},"end":{"line":54,"column":6}},"type":"cond-expr","locations":[{"start":{"line":54,"column":13},"end":{"line":54,"column":6}},{"start":{"line":54,"column":29},"end":{"line":52,"column":34}}]},"4":{"loc":{"start":{"line":62,"column":4},"end":{"line":62,"column":18}},"type":"if","locations":[{"start":{"line":62,"column":4},"end":{"line":62,"column":18}},{"start":{"line":62,"column":4},"end":{"line":62,"column":18}}]}},"s":{"0":0,"1":0,"2":0,"3":0,"4":0,"5":0,"6":0,"7":0,"8":0,"9":0,"10":0,"11":0,"12":0,"13":0,"14":0,"15":0,"16":0,"17":0,"18":0,"19":0,"20":0,"21":0,"22":0,"23":0,"24":0,"25":0,"26":0,"27":0,"28":0},"f":{"0":0,"1":0,"2":0,"3":0,"4":0},"b":{"0":[0,0],"1":[0,0],"2":[0,0],"3":[0,0],"4":[0,0]}}
,"/home/afonsodev/projects/fullstack-js/server/core/modules/public/routes.js": {"path":"/home/afonsodev/projects/fullstack-js/server/core/modules/public/routes.js","statementMap":{"0":{"start":{"line":1,"column":14},"end":{"line":1,"column":0}},"1":{"start":{"line":6,"column":0},"end":{"line":null,"column":-1}},"2":{"start":{"line":7,"column":2},"end":{"line":7,"column":12}},"3":{"start":{"line":7,"column":12},"end":{"line":null,"column":-1}},"4":{"start":{"line":10,"column":2},"end":{"line":null,"column":-1}}},"fnMap":{"0":{"name":"(anonymous_0)","decl":{"start":{"line":6,"column":17},"end":{"line":6,"column":18}},"loc":{"start":{"line":6,"column":34},"end":{"line":6,"column":0}}}},"branchMap":{"0":{"loc":{"start":{"line":7,"column":2},"end":{"line":7,"column":12}},"type":"if","locations":[{"start":{"line":7,"column":2},"end":{"line":7,"column":12}},{"start":{"line":7,"column":2},"end":{"line":7,"column":12}}]}},"s":{"0":0,"1":0,"2":0,"3":0,"4":0},"f":{"0":0},"b":{"0":[0,0]}}
,"/home/afonsodev/projects/fullstack-js/server/core/modules/resource/ResourceHook.js": {"path":"/home/afonsodev/projects/fullstack-js/server/core/modules/resource/ResourceHook.js","statementMap":{"0":{"start":{"line":1,"column":14},"end":{"line":1,"column":31}},"1":{"start":{"line":9,"column":4},"end":{"line":9,"column":28}},"2":{"start":{"line":16,"column":4},"end":{"line":22,"column":5}},"3":{"start":{"line":29,"column":26},"end":{"line":29,"column":51}},"4":{"start":{"line":30,"column":22},"end":{"line":30,"column":55}},"5":{"start":{"line":31,"column":18},"end":{"line":31,"column":20}},"6":{"start":{"line":32,"column":4},"end":{"line":36,"column":7}},"7":{"start":{"line":32,"column":29},"end":{"line":36,"column":7}},"8":{"start":{"line":37,"column":4},"end":{"line":37,"column":44}},"9":{"start":{"line":41,"column":0},"end":{"line":41,"column":30}}},"fnMap":{"0":{"name":"(anonymous_0)","decl":{"start":{"line":8,"column":2},"end":{"line":8,"column":3}},"loc":{"start":{"line":8,"column":25},"end":{"line":10,"column":3}},"line":8},"1":{"name":"(anonymous_1)","decl":{"start":{"line":15,"column":2},"end":{"line":15,"column":3}},"loc":{"start":{"line":15,"column":26},"end":{"line":23,"column":3}},"line":15},"2":{"name":"(anonymous_2)","decl":{"start":{"line":28,"column":2},"end":{"line":28,"column":3}},"loc":{"start":{"line":28,"column":38},"end":{"line":38,"column":3}},"line":28}},"branchMap":{},"s":{"0":2,"1":0,"2":0,"3":0,"4":0,"5":0,"6":0,"7":0,"8":0,"9":2},"f":{"0":0,"1":0,"2":0},"b":{},"_coverageSchema":"332fd63041d2c1bcb487cc26dd0d5f7d97098a6c","hash":"0e9f3b0dc25d8d4825dedcfe1f9a1d8e98c878a2"}
,"/home/afonsodev/projects/fullstack-js/server/core/modules/resource/resolvers.js": {"path":"/home/afonsodev/projects/fullstack-js/server/core/modules/resource/resolvers.js","statementMap":{"0":{"start":{"line":1,"column":21},"end":{"line":1,"column":46}},"1":{"start":{"line":6,"column":18},"end":{"line":60,"column":1}},"2":{"start":{"line":13,"column":28},"end":{"line":13,"column":53}},"3":{"start":{"line":14,"column":22},"end":{"line":14,"column":55}},"4":{"start":{"line":15,"column":20},"end":{"line":15,"column":34}},"5":{"start":{"line":16,"column":6},"end":{"line":16,"column":32}},"6":{"start":{"line":23,"column":20},"end":{"line":23,"column":40}},"7":{"start":{"line":24,"column":20},"end":{"line":24,"column":37}},"8":{"start":{"line":25,"column":19},"end":{"line":25,"column":33}},"9":{"start":{"line":28,"column":6},"end":{"line":28,"column":63}},"10":{"start":{"line":28,"column":25},"end":{"line":28,"column":63}},"11":{"start":{"line":31,"column":6},"end":{"line":31,"column":55}},"12":{"start":{"line":31,"column":21},"end":{"line":31,"column":55}},"13":{"start":{"line":34,"column":6},"end":{"line":34,"column":57}},"14":{"start":{"line":34,"column":23},"end":{"line":34,"column":57}},"15":{"start":{"line":37,"column":6},"end":{"line":37,"column":51}},"16":{"start":{"line":37,"column":21},"end":{"line":37,"column":51}},"17":{"start":{"line":40,"column":6},"end":{"line":40,"column":28}},"18":{"start":{"line":43,"column":21},"end":{"line":43,"column":50}},"19":{"start":{"line":44,"column":6},"end":{"line":44,"column":20}},"20":{"start":{"line":54,"column":6},"end":{"line":56,"column":29}},"21":{"start":{"line":57,"column":6},"end":{"line":57,"column":18}},"22":{"start":{"line":62,"column":0},"end":{"line":62,"column":27}}},"fnMap":{"0":{"name":"(anonymous_0)","decl":{"start":{"line":12,"column":18},"end":{"line":12,"column":19}},"loc":{"start":{"line":12,"column":49},"end":{"line":17,"column":5}},"line":12},"1":{"name":"(anonymous_1)","decl":{"start":{"line":22,"column":22},"end":{"line":22,"column":23}},"loc":{"start":{"line":22,"column":53},"end":{"line":45,"column":5}},"line":22},"2":{"name":"(anonymous_2)","decl":{"start":{"line":53,"column":24},"end":{"line":53,"column":25}},"loc":{"start":{"line":53,"column":55},"end":{"line":58,"column":5}},"line":53}},"branchMap":{"0":{"loc":{"start":{"line":24,"column":20},"end":{"line":24,"column":37}},"type":"binary-expr","locations":[{"start":{"line":24,"column":20},"end":{"line":24,"column":30}},{"start":{"line":24,"column":34},"end":{"line":24,"column":37}}],"line":24},"1":{"loc":{"start":{"line":25,"column":19},"end":{"line":25,"column":33}},"type":"binary-expr","locations":[{"start":{"line":25,"column":19},"end":{"line":25,"column":28}},{"start":{"line":25,"column":32},"end":{"line":25,"column":33}}],"line":25},"2":{"loc":{"start":{"line":28,"column":6},"end":{"line":28,"column":63}},"type":"if","locations":[{"start":{"line":28,"column":6},"end":{"line":28,"column":63}},{"start":{"line":28,"column":6},"end":{"line":28,"column":63}}],"line":28},"3":{"loc":{"start":{"line":31,"column":6},"end":{"line":31,"column":55}},"type":"if","locations":[{"start":{"line":31,"column":6},"end":{"line":31,"column":55}},{"start":{"line":31,"column":6},"end":{"line":31,"column":55}}],"line":31},"4":{"loc":{"start":{"line":34,"column":6},"end":{"line":34,"column":57}},"type":"if","locations":[{"start":{"line":34,"column":6},"end":{"line":34,"column":57}},{"start":{"line":34,"column":6},"end":{"line":34,"column":57}}],"line":34},"5":{"loc":{"start":{"line":37,"column":6},"end":{"line":37,"column":51}},"type":"if","locations":[{"start":{"line":37,"column":6},"end":{"line":37,"column":51}},{"start":{"line":37,"column":6},"end":{"line":37,"column":51}}],"line":37}},"s":{"0":1,"1":1,"2":0,"3":0,"4":0,"5":0,"6":0,"7":0,"8":0,"9":0,"10":0,"11":0,"12":0,"13":0,"14":0,"15":0,"16":0,"17":0,"18":0,"19":0,"20":0,"21":0,"22":1},"f":{"0":0,"1":0,"2":0},"b":{"0":[0,0],"1":[0,0],"2":[0,0],"3":[0,0],"4":[0,0],"5":[0,0]},"_coverageSchema":"332fd63041d2c1bcb487cc26dd0d5f7d97098a6c","hash":"5e5f48958c3d9731a37b44e2dc44220d96bb4947"}
,"/home/afonsodev/projects/fullstack-js/server/core/modules/role/Permission.js": {"path":"/home/afonsodev/projects/fullstack-js/server/core/modules/role/Permission.js","statementMap":{"0":{"start":{"line":1,"column":14},"end":{"line":1,"column":31}},"1":{"start":{"line":2,"column":13},"end":{"line":2,"column":30}},"2":{"start":{"line":10,"column":4},"end":{"line":10,"column":25}},"3":{"start":{"line":17,"column":4},"end":{"line":23,"column":5}},"4":{"start":{"line":30,"column":4},"end":{"line":39,"column":5}},"5":{"start":{"line":46,"column":26},"end":{"line":46,"column":51}},"6":{"start":{"line":47,"column":22},"end":{"line":47,"column":55}},"7":{"start":{"line":48,"column":18},"end":{"line":48,"column":20}},"8":{"start":{"line":49,"column":4},"end":{"line":53,"column":7}},"9":{"start":{"line":49,"column":29},"end":{"line":53,"column":7}},"10":{"start":{"line":54,"column":4},"end":{"line":54,"column":63}},"11":{"start":{"line":58,"column":0},"end":{"line":58,"column":28}}},"fnMap":{"0":{"name":"(anonymous_0)","decl":{"start":{"line":9,"column":2},"end":{"line":9,"column":3}},"loc":{"start":{"line":9,"column":25},"end":{"line":11,"column":3}},"line":9},"1":{"name":"(anonymous_1)","decl":{"start":{"line":16,"column":2},"end":{"line":16,"column":3}},"loc":{"start":{"line":16,"column":26},"end":{"line":24,"column":3}},"line":16},"2":{"name":"(anonymous_2)","decl":{"start":{"line":29,"column":2},"end":{"line":29,"column":3}},"loc":{"start":{"line":29,"column":32},"end":{"line":40,"column":3}},"line":29},"3":{"name":"(anonymous_3)","decl":{"start":{"line":45,"column":2},"end":{"line":45,"column":3}},"loc":{"start":{"line":45,"column":38},"end":{"line":55,"column":3}},"line":45}},"branchMap":{"0":{"loc":{"start":{"line":52,"column":14},"end":{"line":52,"column":56}},"type":"cond-expr","locations":[{"start":{"line":52,"column":44},"end":{"line":52,"column":49}},{"start":{"line":52,"column":52},"end":{"line":52,"column":56}}],"line":52}},"s":{"0":2,"1":2,"2":0,"3":0,"4":0,"5":0,"6":0,"7":0,"8":0,"9":0,"10":0,"11":2},"f":{"0":0,"1":0,"2":0,"3":0},"b":{"0":[0,0]},"_coverageSchema":"332fd63041d2c1bcb487cc26dd0d5f7d97098a6c","hash":"bf3d1aae47556dc7c2569a3a15b8c04fa0d3d3ba"}
,"/home/afonsodev/projects/fullstack-js/server/core/modules/role/Role.js": {"path":"/home/afonsodev/projects/fullstack-js/server/core/modules/role/Role.js","statementMap":{"0":{"start":{"line":1,"column":13},"end":{"line":1,"column":35}},"1":{"start":{"line":2,"column":14},"end":{"line":2,"column":31}},"2":{"start":{"line":10,"column":4},"end":{"line":10,"column":19}},"3":{"start":{"line":17,"column":23},"end":{"line":17,"column":46}},"4":{"start":{"line":18,"column":4},"end":{"line":18,"column":44}},"5":{"start":{"line":19,"column":21},"end":{"line":19,"column":42}},"6":{"start":{"line":20,"column":4},"end":{"line":20,"column":41}},"7":{"start":{"line":21,"column":21},"end":{"line":21,"column":42}},"8":{"start":{"line":22,"column":4},"end":{"line":22,"column":41}},"9":{"start":{"line":29,"column":4},"end":{"line":32,"column":6}},"10":{"start":{"line":40,"column":4},"end":{"line":40,"column":39}},"11":{"start":{"line":47,"column":4},"end":{"line":54,"column":5}},"12":{"start":{"line":59,"column":0},"end":{"line":59,"column":22}}},"fnMap":{"0":{"name":"(anonymous_0)","decl":{"start":{"line":9,"column":2},"end":{"line":9,"column":3}},"loc":{"start":{"line":9,"column":25},"end":{"line":11,"column":3}},"line":9},"1":{"name":"(anonymous_1)","decl":{"start":{"line":16,"column":2},"end":{"line":16,"column":3}},"loc":{"start":{"line":16,"column":23},"end":{"line":23,"column":3}},"line":16},"2":{"name":"(anonymous_2)","decl":{"start":{"line":28,"column":2},"end":{"line":28,"column":3}},"loc":{"start":{"line":28,"column":20},"end":{"line":33,"column":3}},"line":28},"3":{"name":"(anonymous_3)","decl":{"start":{"line":39,"column":2},"end":{"line":39,"column":3}},"loc":{"start":{"line":39,"column":28},"end":{"line":41,"column":3}},"line":39},"4":{"name":"(anonymous_4)","decl":{"start":{"line":46,"column":2},"end":{"line":46,"column":3}},"loc":{"start":{"line":46,"column":26},"end":{"line":55,"column":3}},"line":46}},"branchMap":{},"s":{"0":2,"1":2,"2":0,"3":0,"4":0,"5":0,"6":0,"7":0,"8":0,"9":0,"10":0,"11":0,"12":2},"f":{"0":0,"1":0,"2":0,"3":0,"4":0},"b":{},"_coverageSchema":"332fd63041d2c1bcb487cc26dd0d5f7d97098a6c","hash":"f59c4b4a2c85f00376b0a39fdc49af4acce00da7"}
,"/home/afonsodev/projects/fullstack-js/server/core/modules/role/RoleHook.js": {"path":"/home/afonsodev/projects/fullstack-js/server/core/modules/role/RoleHook.js","statementMap":{"0":{"start":{"line":1,"column":14},"end":{"line":1,"column":31}},"1":{"start":{"line":2,"column":13},"end":{"line":2,"column":30}},"2":{"start":{"line":10,"column":4},"end":{"line":10,"column":24}},"3":{"start":{"line":17,"column":4},"end":{"line":23,"column":5}},"4":{"start":{"line":30,"column":4},"end":{"line":39,"column":5}},"5":{"start":{"line":46,"column":26},"end":{"line":46,"column":51}},"6":{"start":{"line":49,"column":16},"end":{"line":49,"column":53}},"7":{"start":{"line":50,"column":16},"end":{"line":50,"column":18}},"8":{"start":{"line":51,"column":4},"end":{"line":55,"column":7}},"9":{"start":{"line":51,"column":25},"end":{"line":55,"column":7}},"10":{"start":{"line":56,"column":4},"end":{"line":56,"column":40}},"11":{"start":{"line":59,"column":4},"end":{"line":59,"column":49}},"12":{"start":{"line":60,"column":4},"end":{"line":60,"column":15}},"13":{"start":{"line":61,"column":4},"end":{"line":65,"column":7}},"14":{"start":{"line":61,"column":25},"end":{"line":65,"column":7}},"15":{"start":{"line":66,"column":4},"end":{"line":66,"column":40}},"16":{"start":{"line":70,"column":0},"end":{"line":70,"column":26}}},"fnMap":{"0":{"name":"(anonymous_0)","decl":{"start":{"line":9,"column":2},"end":{"line":9,"column":3}},"loc":{"start":{"line":9,"column":25},"end":{"line":11,"column":3}},"line":9},"1":{"name":"(anonymous_1)","decl":{"start":{"line":16,"column":2},"end":{"line":16,"column":3}},"loc":{"start":{"line":16,"column":26},"end":{"line":24,"column":3}},"line":16},"2":{"name":"(anonymous_2)","decl":{"start":{"line":29,"column":2},"end":{"line":29,"column":3}},"loc":{"start":{"line":29,"column":32},"end":{"line":40,"column":3}},"line":29},"3":{"name":"(anonymous_3)","decl":{"start":{"line":45,"column":2},"end":{"line":45,"column":3}},"loc":{"start":{"line":45,"column":38},"end":{"line":67,"column":3}},"line":45}},"branchMap":{},"s":{"0":2,"1":2,"2":0,"3":0,"4":0,"5":0,"6":0,"7":0,"8":0,"9":0,"10":0,"11":0,"12":0,"13":0,"14":0,"15":0,"16":2},"f":{"0":0,"1":0,"2":0,"3":0},"b":{},"_coverageSchema":"332fd63041d2c1bcb487cc26dd0d5f7d97098a6c","hash":"b26493ca5bb076c8e57ed7b5c1e180a177e2934d"}
,"/home/afonsodev/projects/fullstack-js/server/core/modules/role/RoleUser.js": {"path":"/home/afonsodev/projects/fullstack-js/server/core/modules/role/RoleUser.js","statementMap":{"0":{"start":{"line":1,"column":14},"end":{"line":1,"column":31}},"1":{"start":{"line":2,"column":13},"end":{"line":2,"column":30}},"2":{"start":{"line":3,"column":16},"end":{"line":3,"column":46}},"3":{"start":{"line":4,"column":13},"end":{"line":4,"column":33}},"4":{"start":{"line":5,"column":15},"end":{"line":5,"column":38}},"5":{"start":{"line":13,"column":4},"end":{"line":13,"column":24}},"6":{"start":{"line":20,"column":19},"end":{"line":23,"column":14}},"7":{"start":{"line":24,"column":4},"end":{"line":26,"column":5}},"8":{"start":{"line":25,"column":6},"end":{"line":25,"column":37}},"9":{"start":{"line":33,"column":4},"end":{"line":39,"column":5}},"10":{"start":{"line":46,"column":4},"end":{"line":63,"column":5}},"11":{"start":{"line":70,"column":18},"end":{"line":70,"column":36}},"12":{"start":{"line":71,"column":18},"end":{"line":71,"column":20}},"13":{"start":{"line":72,"column":4},"end":{"line":76,"column":7}},"14":{"start":{"line":72,"column":25},"end":{"line":76,"column":7}},"15":{"start":{"line":77,"column":4},"end":{"line":77,"column":40}},"16":{"start":{"line":84,"column":18},"end":{"line":84,"column":36}},"17":{"start":{"line":85,"column":18},"end":{"line":85,"column":20}},"18":{"start":{"line":86,"column":4},"end":{"line":90,"column":7}},"19":{"start":{"line":86,"column":25},"end":{"line":90,"column":7}},"20":{"start":{"line":91,"column":4},"end":{"line":91,"column":40}},"21":{"start":{"line":95,"column":0},"end":{"line":95,"column":26}}},"fnMap":{"0":{"name":"(anonymous_0)","decl":{"start":{"line":12,"column":2},"end":{"line":12,"column":3}},"loc":{"start":{"line":12,"column":25},"end":{"line":14,"column":3}},"line":12},"1":{"name":"(anonymous_1)","decl":{"start":{"line":19,"column":2},"end":{"line":19,"column":3}},"loc":{"start":{"line":19,"column":24},"end":{"line":27,"column":3}},"line":19},"2":{"name":"(anonymous_2)","decl":{"start":{"line":32,"column":2},"end":{"line":32,"column":3}},"loc":{"start":{"line":32,"column":26},"end":{"line":40,"column":3}},"line":32},"3":{"name":"(anonymous_3)","decl":{"start":{"line":45,"column":2},"end":{"line":45,"column":3}},"loc":{"start":{"line":45,"column":32},"end":{"line":64,"column":3}},"line":45},"4":{"name":"(anonymous_4)","decl":{"start":{"line":69,"column":2},"end":{"line":69,"column":3}},"loc":{"start":{"line":69,"column":38},"end":{"line":78,"column":3}},"line":69},"5":{"name":"(anonymous_5)","decl":{"start":{"line":83,"column":2},"end":{"line":83,"column":3}},"loc":{"start":{"line":83,"column":38},"end":{"line":92,"column":3}},"line":83}},"branchMap":{"0":{"loc":{"start":{"line":24,"column":4},"end":{"line":26,"column":5}},"type":"if","locations":[{"start":{"line":24,"column":4},"end":{"line":26,"column":5}},{"start":{"line":24,"column":4},"end":{"line":26,"column":5}}],"line":24},"1":{"loc":{"start":{"line":24,"column":8},"end":{"line":24,"column":68}},"type":"binary-expr","locations":[{"start":{"line":24,"column":8},"end":{"line":24,"column":29}},{"start":{"line":24,"column":33},"end":{"line":24,"column":68}}],"line":24},"2":{"loc":{"start":{"line":89,"column":14},"end":{"line":89,"column":54}},"type":"cond-expr","locations":[{"start":{"line":89,"column":42},"end":{"line":89,"column":46}},{"start":{"line":89,"column":49},"end":{"line":89,"column":54}}],"line":89}},"s":{"0":1,"1":1,"2":1,"3":1,"4":1,"5":0,"6":0,"7":0,"8":0,"9":0,"10":0,"11":0,"12":0,"13":0,"14":0,"15":0,"16":0,"17":0,"18":0,"19":0,"20":0,"21":1},"f":{"0":0,"1":0,"2":0,"3":0,"4":0,"5":0},"b":{"0":[0,0],"1":[0,0],"2":[0,0]},"_coverageSchema":"332fd63041d2c1bcb487cc26dd0d5f7d97098a6c","hash":"303d04a616309916229c3a812e7f9659ac2f0d6b"}
,"/home/afonsodev/projects/fullstack-js/server/core/modules/role/resolvers.js": {"path":"/home/afonsodev/projects/fullstack-js/server/core/modules/role/resolvers.js","statementMap":{"0":{"start":{"line":1,"column":13},"end":{"line":1,"column":30}},"1":{"start":{"line":2,"column":17},"end":{"line":2,"column":38}},"2":{"start":{"line":3,"column":17},"end":{"line":3,"column":38}},"3":{"start":{"line":4,"column":19},"end":{"line":4,"column":42}},"4":{"start":{"line":5,"column":15},"end":{"line":5,"column":38}},"5":{"start":{"line":10,"column":18},"end":{"line":181,"column":1}},"6":{"start":{"line":17,"column":20},"end":{"line":17,"column":32}},"7":{"start":{"line":18,"column":20},"end":{"line":18,"column":36}},"8":{"start":{"line":19,"column":19},"end":{"line":19,"column":33}},"9":{"start":{"line":22,"column":6},"end":{"line":24,"column":7}},"10":{"start":{"line":23,"column":8},"end":{"line":23,"column":61}},"11":{"start":{"line":27,"column":21},"end":{"line":27,"column":50}},"12":{"start":{"line":28,"column":6},"end":{"line":28,"column":20}},"13":{"start":{"line":35,"column":19},"end":{"line":35,"column":55}},"14":{"start":{"line":36,"column":6},"end":{"line":36,"column":48}},"15":{"start":{"line":36,"column":17},"end":{"line":36,"column":48}},"16":{"start":{"line":37,"column":6},"end":{"line":37,"column":18}},"17":{"start":{"line":44,"column":20},"end":{"line":44,"column":38}},"18":{"start":{"line":45,"column":20},"end":{"line":45,"column":37}},"19":{"start":{"line":46,"column":19},"end":{"line":46,"column":33}},"20":{"start":{"line":49,"column":6},"end":{"line":49,"column":26}},"21":{"start":{"line":52,"column":6},"end":{"line":52,"column":60}},"22":{"start":{"line":52,"column":24},"end":{"line":52,"column":60}},"23":{"start":{"line":55,"column":6},"end":{"line":55,"column":63}},"24":{"start":{"line":55,"column":25},"end":{"line":55,"column":63}},"25":{"start":{"line":58,"column":6},"end":{"line":60,"column":7}},"26":{"start":{"line":59,"column":8},"end":{"line":59,"column":42}},"27":{"start":{"line":63,"column":6},"end":{"line":63,"column":33}},"28":{"start":{"line":66,"column":21},"end":{"line":66,"column":50}},"29":{"start":{"line":67,"column":6},"end":{"line":67,"column":20}},"30":{"start":{"line":74,"column":20},"end":{"line":74,"column":36}},"31":{"start":{"line":75,"column":20},"end":{"line":75,"column":37}},"32":{"start":{"line":76,"column":19},"end":{"line":76,"column":33}},"33":{"start":{"line":79,"column":6},"end":{"line":79,"column":26}},"34":{"start":{"line":82,"column":6},"end":{"line":82,"column":60}},"35":{"start":{"line":82,"column":24},"end":{"line":82,"column":60}},"36":{"start":{"line":85,"column":6},"end":{"line":85,"column":51}},"37":{"start":{"line":85,"column":21},"end":{"line":85,"column":51}},"38":{"start":{"line":88,"column":6},"end":{"line":88,"column":57}},"39":{"start":{"line":88,"column":23},"end":{"line":88,"column":57}},"40":{"start":{"line":91,"column":6},"end":{"line":91,"column":33}},"41":{"start":{"line":94,"column":21},"end":{"line":94,"column":50}},"42":{"start":{"line":95,"column":6},"end":{"line":95,"column":20}},"43":{"start":{"line":102,"column":20},"end":{"line":102,"column":36}},"44":{"start":{"line":103,"column":20},"end":{"line":103,"column":37}},"45":{"start":{"line":104,"column":19},"end":{"line":104,"column":33}},"46":{"start":{"line":107,"column":6},"end":{"line":107,"column":34}},"47":{"start":{"line":110,"column":6},"end":{"line":110,"column":60}},"48":{"start":{"line":110,"column":24},"end":{"line":110,"column":60}},"49":{"start":{"line":113,"column":6},"end":{"line":113,"column":60}},"50":{"start":{"line":113,"column":24},"end":{"line":113,"column":60}},"51":{"start":{"line":116,"column":6},"end":{"line":116,"column":57}},"52":{"start":{"line":116,"column":23},"end":{"line":116,"column":57}},"53":{"start":{"line":119,"column":6},"end":{"line":119,"column":33}},"54":{"start":{"line":122,"column":21},"end":{"line":122,"column":50}},"55":{"start":{"line":123,"column":6},"end":{"line":123,"column":20}},"56":{"start":{"line":133,"column":19},"end":{"line":133,"column":41}},"57":{"start":{"line":134,"column":19},"end":{"line":136,"column":24}},"58":{"start":{"line":137,"column":6},"end":{"line":137,"column":50}},"59":{"start":{"line":144,"column":19},"end":{"line":144,"column":41}},"60":{"start":{"line":145,"column":6},"end":{"line":147,"column":29}},"61":{"start":{"line":148,"column":6},"end":{"line":148,"column":50}},"62":{"start":{"line":155,"column":6},"end":{"line":157,"column":29}},"63":{"start":{"line":158,"column":6},"end":{"line":158,"column":56}},"64":{"start":{"line":165,"column":6},"end":{"line":167,"column":29}},"65":{"start":{"line":168,"column":6},"end":{"line":168,"column":18}},"66":{"start":{"line":175,"column":6},"end":{"line":177,"column":30}},"67":{"start":{"line":178,"column":6},"end":{"line":178,"column":17}},"68":{"start":{"line":183,"column":0},"end":{"line":183,"column":27}}},"fnMap":{"0":{"name":"(anonymous_0)","decl":{"start":{"line":16,"column":14},"end":{"line":16,"column":15}},"loc":{"start":{"line":16,"column":45},"end":{"line":29,"column":5}},"line":16},"1":{"name":"(anonymous_1)","decl":{"start":{"line":34,"column":17},"end":{"line":34,"column":18}},"loc":{"start":{"line":34,"column":48},"end":{"line":38,"column":5}},"line":34},"2":{"name":"(anonymous_2)","decl":{"start":{"line":43,"column":20},"end":{"line":43,"column":21}},"loc":{"start":{"line":43,"column":51},"end":{"line":68,"column":5}},"line":43},"3":{"name":"(anonymous_3)","decl":{"start":{"line":73,"column":18},"end":{"line":73,"column":19}},"loc":{"start":{"line":73,"column":49},"end":{"line":96,"column":5}},"line":73},"4":{"name":"(anonymous_4)","decl":{"start":{"line":101,"column":18},"end":{"line":101,"column":19}},"loc":{"start":{"line":101,"column":49},"end":{"line":124,"column":5}},"line":101},"5":{"name":"(anonymous_5)","decl":{"start":{"line":132,"column":16},"end":{"line":132,"column":17}},"loc":{"start":{"line":132,"column":47},"end":{"line":138,"column":5}},"line":132},"6":{"name":"(anonymous_6)","decl":{"start":{"line":143,"column":16},"end":{"line":143,"column":17}},"loc":{"start":{"line":143,"column":47},"end":{"line":149,"column":5}},"line":143},"7":{"name":"(anonymous_7)","decl":{"start":{"line":154,"column":22},"end":{"line":154,"column":23}},"loc":{"start":{"line":154,"column":53},"end":{"line":159,"column":5}},"line":154},"8":{"name":"(anonymous_8)","decl":{"start":{"line":164,"column":20},"end":{"line":164,"column":21}},"loc":{"start":{"line":164,"column":51},"end":{"line":169,"column":5}},"line":164},"9":{"name":"(anonymous_9)","decl":{"start":{"line":174,"column":20},"end":{"line":174,"column":21}},"loc":{"start":{"line":174,"column":51},"end":{"line":179,"column":5}},"line":174}},"branchMap":{"0":{"loc":{"start":{"line":18,"column":20},"end":{"line":18,"column":36}},"type":"binary-expr","locations":[{"start":{"line":18,"column":20},"end":{"line":18,"column":30}},{"start":{"line":18,"column":34},"end":{"line":18,"column":36}}],"line":18},"1":{"loc":{"start":{"line":19,"column":19},"end":{"line":19,"column":33}},"type":"binary-expr","locations":[{"start":{"line":19,"column":19},"end":{"line":19,"column":28}},{"start":{"line":19,"column":32},"end":{"line":19,"column":33}}],"line":19},"2":{"loc":{"start":{"line":22,"column":6},"end":{"line":24,"column":7}},"type":"if","locations":[{"start":{"line":22,"column":6},"end":{"line":24,"column":7}},{"start":{"line":22,"column":6},"end":{"line":24,"column":7}}],"line":22},"3":{"loc":{"start":{"line":36,"column":6},"end":{"line":36,"column":48}},"type":"if","locations":[{"start":{"line":36,"column":6},"end":{"line":36,"column":48}},{"start":{"line":36,"column":6},"end":{"line":36,"column":48}}],"line":36},"4":{"loc":{"start":{"line":45,"column":20},"end":{"line":45,"column":37}},"type":"binary-expr","locations":[{"start":{"line":45,"column":20},"end":{"line":45,"column":30}},{"start":{"line":45,"column":34},"end":{"line":45,"column":37}}],"line":45},"5":{"loc":{"start":{"line":46,"column":19},"end":{"line":46,"column":33}},"type":"binary-expr","locations":[{"start":{"line":46,"column":19},"end":{"line":46,"column":28}},{"start":{"line":46,"column":32},"end":{"line":46,"column":33}}],"line":46},"6":{"loc":{"start":{"line":52,"column":6},"end":{"line":52,"column":60}},"type":"if","locations":[{"start":{"line":52,"column":6},"end":{"line":52,"column":60}},{"start":{"line":52,"column":6},"end":{"line":52,"column":60}}],"line":52},"7":{"loc":{"start":{"line":55,"column":6},"end":{"line":55,"column":63}},"type":"if","locations":[{"start":{"line":55,"column":6},"end":{"line":55,"column":63}},{"start":{"line":55,"column":6},"end":{"line":55,"column":63}}],"line":55},"8":{"loc":{"start":{"line":58,"column":6},"end":{"line":60,"column":7}},"type":"if","locations":[{"start":{"line":58,"column":6},"end":{"line":60,"column":7}},{"start":{"line":58,"column":6},"end":{"line":60,"column":7}}],"line":58},"9":{"loc":{"start":{"line":75,"column":20},"end":{"line":75,"column":37}},"type":"binary-expr","locations":[{"start":{"line":75,"column":20},"end":{"line":75,"column":30}},{"start":{"line":75,"column":34},"end":{"line":75,"column":37}}],"line":75},"10":{"loc":{"start":{"line":76,"column":19},"end":{"line":76,"column":33}},"type":"binary-expr","locations":[{"start":{"line":76,"column":19},"end":{"line":76,"column":28}},{"start":{"line":76,"column":32},"end":{"line":76,"column":33}}],"line":76},"11":{"loc":{"start":{"line":82,"column":6},"end":{"line":82,"column":60}},"type":"if","locations":[{"start":{"line":82,"column":6},"end":{"line":82,"column":60}},{"start":{"line":82,"column":6},"end":{"line":82,"column":60}}],"line":82},"12":{"loc":{"start":{"line":85,"column":6},"end":{"line":85,"column":51}},"type":"if","locations":[{"start":{"line":85,"column":6},"end":{"line":85,"column":51}},{"start":{"line":85,"column":6},"end":{"line":85,"column":51}}],"line":85},"13":{"loc":{"start":{"line":88,"column":6},"end":{"line":88,"column":57}},"type":"if","locations":[{"start":{"line":88,"column":6},"end":{"line":88,"column":57}},{"start":{"line":88,"column":6},"end":{"line":88,"column":57}}],"line":88},"14":{"loc":{"start":{"line":103,"column":20},"end":{"line":103,"column":37}},"type":"binary-expr","locations":[{"start":{"line":103,"column":20},"end":{"line":103,"column":30}},{"start":{"line":103,"column":34},"end":{"line":103,"column":37}}],"line":103},"15":{"loc":{"start":{"line":104,"column":19},"end":{"line":104,"column":33}},"type":"binary-expr","locations":[{"start":{"line":104,"column":19},"end":{"line":104,"column":28}},{"start":{"line":104,"column":32},"end":{"line":104,"column":33}}],"line":104},"16":{"loc":{"start":{"line":110,"column":6},"end":{"line":110,"column":60}},"type":"if","locations":[{"start":{"line":110,"column":6},"end":{"line":110,"column":60}},{"start":{"line":110,"column":6},"end":{"line":110,"column":60}}],"line":110},"17":{"loc":{"start":{"line":113,"column":6},"end":{"line":113,"column":60}},"type":"if","locations":[{"start":{"line":113,"column":6},"end":{"line":113,"column":60}},{"start":{"line":113,"column":6},"end":{"line":113,"column":60}}],"line":113},"18":{"loc":{"start":{"line":116,"column":6},"end":{"line":116,"column":57}},"type":"if","locations":[{"start":{"line":116,"column":6},"end":{"line":116,"column":57}},{"start":{"line":116,"column":6},"end":{"line":116,"column":57}}],"line":116}},"s":{"0":1,"1":1,"2":1,"3":1,"4":1,"5":1,"6":0,"7":0,"8":0,"9":0,"10":0,"11":0,"12":0,"13":0,"14":0,"15":0,"16":0,"17":0,"18":0,"19":0,"20":0,"21":0,"22":0,"23":0,"24":0,"25":0,"26":0,"27":0,"28":0,"29":0,"30":0,"31":0,"32":0,"33":0,"34":0,"35":0,"36":0,"37":0,"38":0,"39":0,"40":0,"41":0,"42":0,"43":0,"44":0,"45":0,"46":0,"47":0,"48":0,"49":0,"50":0,"51":0,"52":0,"53":0,"54":0,"55":0,"56":0,"57":0,"58":0,"59":0,"60":0,"61":0,"62":0,"63":0,"64":0,"65":0,"66":0,"67":0,"68":1},"f":{"0":0,"1":0,"2":0,"3":0,"4":0,"5":0,"6":0,"7":0,"8":0,"9":0},"b":{"0":[0,0],"1":[0,0],"2":[0,0],"3":[0,0],"4":[0,0],"5":[0,0],"6":[0,0],"7":[0,0],"8":[0,0],"9":[0,0],"10":[0,0],"11":[0,0],"12":[0,0],"13":[0,0],"14":[0,0],"15":[0,0],"16":[0,0],"17":[0,0],"18":[0,0]},"_coverageSchema":"332fd63041d2c1bcb487cc26dd0d5f7d97098a6c","hash":"5f76123e3bf8dd49bacc03b65724bd5b21768334"}
[...]
(anonymous_11)","decl":{"start":{"line":118,"column":2},"end":{"line":118,"column":3}},"loc":{"start":{"line":118,"column":35},"end":{"line":121,"column":3}},"line":118},"12":{"name":"(anonymous_12)","decl":{"start":{"line":126,"column":2},"end":{"line":126,"column":3}},"loc":{"start":{"line":126,"column":24},"end":{"line":131,"column":3}},"line":126},"13":{"name":"(anonymous_13)","decl":{"start":{"line":136,"column":2},"end":{"line":136,"column":3}},"loc":{"start":{"line":136,"column":40},"end":{"line":143,"column":3}},"line":136},"14":{"name":"(anonymous_14)","decl":{"start":{"line":148,"column":2},"end":{"line":148,"column":3}},"loc":{"start":{"line":148,"column":39},"end":{"line":154,"column":3}},"line":148},"15":{"name":"(anonymous_15)","decl":{"start":{"line":162,"column":2},"end":{"line":162,"column":3}},"loc":{"start":{"line":162,"column":43},"end":{"line":177,"column":3}},"line":162},"16":{"name":"(anonymous_16)","decl":{"start":{"line":168,"column":23},"end":{"line":168,"column":24}},"loc":{"start":{"line":169,"column":6},"end":{"line":175,"column":50}},"line":169},"17":{"name":"(anonymous_17)","decl":{"start":{"line":169,"column":25},"end":{"line":169,"column":26}},"loc":{"start":{"line":169,"column":34},"end":{"line":172,"column":9}},"line":169},"18":{"name":"(anonymous_18)","decl":{"start":{"line":174,"column":21},"end":{"line":174,"column":22}},"loc":{"start":{"line":174,"column":30},"end":{"line":174,"column":43}},"line":174},"19":{"name":"(anonymous_19)","decl":{"start":{"line":175,"column":22},"end":{"line":175,"column":23}},"loc":{"start":{"line":175,"column":28},"end":{"line":175,"column":49}},"line":175},"20":{"name":"(anonymous_20)","decl":{"start":{"line":184,"column":2},"end":{"line":184,"column":3}},"loc":{"start":{"line":184,"column":28},"end":{"line":186,"column":3}},"line":184},"21":{"name":"(anonymous_21)","decl":{"start":{"line":194,"column":2},"end":{"line":194,"column":3}},"loc":{"start":{"line":194,"column":37},"end":{"line":198,"column":3}},"line":194},"22":{"name":"(anonymous_22)","decl":{"start":{"line":203,"column":2},"end":{"line":203,"column":3}},"loc":{"start":{"line":203,"column":26},"end":{"line":215,"column":3}},"line":203},"23":{"name":"(anonymous_23)","decl":{"start":{"line":222,"column":2},"end":{"line":222,"column":3}},"loc":{"start":{"line":222,"column":30},"end":{"line":239,"column":3}},"line":222},"24":{"name":"(anonymous_24)","decl":{"start":{"line":247,"column":2},"end":{"line":247,"column":3}},"loc":{"start":{"line":247,"column":45},"end":{"line":254,"column":3}},"line":247}},"branchMap":{"0":{"loc":{"start":{"line":49,"column":4},"end":{"line":49,"column":72}},"type":"if","locations":[{"start":{"line":49,"column":4},"end":{"line":49,"column":72}},{"start":{"line":49,"column":4},"end":{"line":49,"column":72}}],"line":49},"1":{"loc":{"start":{"line":56,"column":4},"end":{"line":56,"column":72}},"type":"if","locations":[{"start":{"line":56,"column":4},"end":{"line":56,"column":72}},{"start":{"line":56,"column":4},"end":{"line":56,"column":72}}],"line":56},"2":{"loc":{"start":{"line":90,"column":4},"end":{"line":91,"column":49}},"type":"if","locations":[{"start":{"line":90,"column":4},"end":{"line":91,"column":49}},{"start":{"line":90,"column":4},"end":{"line":91,"column":49}}],"line":90},"3":{"loc":{"start":{"line":90,"column":8},"end":{"line":90,"column":51}},"type":"binary-expr","locations":[{"start":{"line":90,"column":8},"end":{"line":90,"column":16}},{"start":{"line":90,"column":21},"end":{"line":90,"column":50}}],"line":90},"4":{"loc":{"start":{"line":110,"column":4},"end":{"line":110,"column":50}},"type":"if","locations":[{"start":{"line":110,"column":4},"end":{"line":110,"column":50}},{"start":{"line":110,"column":4},"end":{"line":110,"column":50}}],"line":110},"5":{"loc":{"start":{"line":119,"column":4},"end":{"line":120,"column":47}},"type":"if","locations":[{"start":{"line":119,"column":4},"end":{"line":120,"column":47}},{"start":{"line":119,"column":4},"end":{"line":120,"column":47}}],"line":119},"6":{"loc":{"start":{"line":164,"column":4},"end":{"line":164,"column":59}},"type":"if","locations":[{"start":{"line":164,"column":4},"end":{"line":164,"column":59}},{"start":{"line":164,"column":4},"end":{"line":164,"column":59}}],"line":164},"7":{"loc":{"start":{"line":166,"column":4},"end":{"line":166,"column":59}},"type":"if","locations":[{"start":{"line":166,"column":4},"end":{"line":166,"column":59}},{"start":{"line":166,"column":4},"end":{"line":166,"column":59}}],"line":166},"8":{"loc":{"start":{"line":170,"column":10},"end":{"line":170,"column":51}},"type":"if","locations":[{"start":{"line":170,"column":10},"end":{"line":170,"column":51}},{"start":{"line":170,"column":10},"end":{"line":170,"column":51}}],"line":170},"9":{"loc":{"start":{"line":226,"column":4},"end":{"line":237,"column":5}},"type":"if","locations":[{"start":{"line":226,"column":4},"end":{"line":237,"column":5}},{"start":{"line":226,"column":4},"end":{"line":237,"column":5}}],"line":226}},"s":{"0":2,"1":2,"2":2,"3":2,"4":2,"5":2,"6":2,"7":2,"8":0,"9":0,"10":0,"11":0,"12":0,"13":0,"14":0,"15":0,"16":0,"17":0,"18":0,"19":0,"20":0,"21":0,"22":0,"23":0,"24":0,"25":0,"26":0,"27":0,"28":0,"29":0,"30":0,"31":0,"32":0,"33":0,"34":0,"35":0,"36":0,"37":0,"38":0,"39":0,"40":0,"41":0,"42":0,"43":0,"44":0,"45":0,"46":0,"47":0,"48":0,"49":0,"50":0,"51":0,"52":0,"53":0,"54":0,"55":0,"56":0,"57":0,"58":0,"59":0,"60":0,"61":0,"62":0,"63":0,"64":0,"65":0,"66":0,"67":0,"68":0,"69":0,"70":0,"71":2},"f":{"0":0,"1":0,"2":0,"3":0,"4":0,"5":0,"6":0,"7":0,"8":0,"9":0,"10":0,"11":0,"12":0,"13":0,"14":0,"15":0,"16":0,"17":0,"18":0,"19":0,"20":0,"21":0,"22":0,"23":0,"24":0},"b":{"0":[0,0],"1":[0,0],"2":[0,0],"3":[0,0],"4":[0,0],"5":[0,0],"6":[0,0],"7":[0,0],"8":[0,0],"9":[0,0]},"_coverageSchema":"332fd63041d2c1bcb487cc26dd0d5f7d97098a6c","hash":"d290f2ebfb9258068060f130337ed636a7384d20"}
,"/home/afonsodev/projects/fullstack-js/server/core/modules/user/resolvers.js": {"path":"/home/afonsodev/projects/fullstack-js/server/core/modules/user/resolvers.js","statementMap":{"0":{"start":{"line":1,"column":13},"end":{"line":1,"column":30}},"1":{"start":{"line":2,"column":15},"end":{"line":2,"column":38}},"2":{"start":{"line":7,"column":18},"end":{"line":129,"column":1}},"3":{"start":{"line":14,"column":19},"end":{"line":14,"column":68}},"4":{"start":{"line":15,"column":6},"end":{"line":21,"column":7}},"5":{"start":{"line":16,"column":8},"end":{"line":16,"column":57}},"6":{"start":{"line":16,"column":26},"end":{"line":16,"column":57}},"7":{"start":{"line":17,"column":8},"end":{"line":17,"column":80}},"8":{"start":{"line":17,"column":49},"end":{"line":17,"column":80}},"9":{"start":{"line":18,"column":8},"end":{"line":18,"column":52}},"10":{"start":{"line":19,"column":8},"end":{"line":19,"column":47}},"11":{"start":{"line":20,"column":8},"end":{"line":20,"column":20}},"12":{"start":{"line":28,"column":19},"end":{"line":28,"column":60}},"13":{"start":{"line":29,"column":6},"end":{"line":29,"column":48}},"14":{"start":{"line":29,"column":17},"end":{"line":29,"column":48}},"15":{"start":{"line":30,"column":6},"end":{"line":30,"column":18}},"16":{"start":{"line":37,"column":20},"end":{"line":37,"column":32}},"17":{"start":{"line":38,"column":20},"end":{"line":38,"column":35}},"18":{"start":{"line":39,"column":19},"end":{"line":39,"column":48}},"19":{"start":{"line":42,"column":6},"end":{"line":47,"column":7}},"20":{"start":{"line":43,"column":8},"end":{"line":46,"column":11}},"21":{"start":{"line":44,"column":10},"end":{"line":44,"column":68}},"22":{"start":{"line":45,"column":10},"end":{"line":45,"column":67}},"23":{"start":{"line":50,"column":21},"end":{"line":50,"column":50}},"24":{"start":{"line":51,"column":6},"end":{"line":51,"column":20}},"25":{"start":{"line":58,"column":19},"end":{"line":58,"column":55}},"26":{"start":{"line":59,"column":6},"end":{"line":59,"column":48}},"27":{"start":{"line":59,"column":17},"end":{"line":59,"column":48}},"28":{"start":{"line":60,"column":6},"end":{"line":60,"column":18}},"29":{"start":{"line":67,"column":19},"end":{"line":67,"column":72}},"30":{"start":{"line":68,"column":6},"end":{"line":68,"column":48}},"31":{"start":{"line":68,"column":17},"end":{"line":68,"column":48}},"32":{"start":{"line":71,"column":25},"end":{"line":71,"column":48}},"33":{"start":{"line":72,"column":6},"end":{"line":72,"column":74}},"34":{"start":{"line":75,"column":21},"end":{"line":75,"column":73}},"35":{"start":{"line":76,"column":6},"end":{"line":76,"column":50}},"36":{"start":{"line":76,"column":19},"end":{"line":76,"column":50}},"37":{"start":{"line":77,"column":6},"end":{"line":77,"column":20}},"38":{"start":{"line":87,"column":6},"end":{"line":87,"column":36}},"39":{"start":{"line":88,"column":6},"end":{"line":88,"column":40}},"40":{"start":{"line":89,"column":19},"end":{"line":89,"column":41}},"41":{"start":{"line":90,"column":19},"end":{"line":90,"column":66}},"42":{"start":{"line":91,"column":6},"end":{"line":91,"column":50}},"43":{"start":{"line":98,"column":6},"end":{"line":98,"column":36}},"44":{"start":{"line":99,"column":6},"end":{"line":99,"column":40}},"45":{"start":{"line":100,"column":19},"end":{"line":100,"column":41}},"46":{"start":{"line":101,"column":6},"end":{"line":101,"column":58}},"47":{"start":{"line":102,"column":6},"end":{"line":102,"column":50}},"48":{"start":{"line":109,"column":19},"end":{"line":109,"column":54}},"49":{"start":{"line":110,"column":6},"end":{"line":110,"column":40}},"50":{"start":{"line":111,"column":19},"end":{"line":111,"column":41}},"51":{"start":{"line":112,"column":6},"end":{"line":112,"column":57}},"52":{"start":{"line":113,"column":6},"end":{"line":113,"column":18}},"53":{"start":{"line":123,"column":55},"end":{"line":123,"column":65}},"54":{"start":{"line":124,"column":6},"end":{"line":124,"column":61}},"55":{"start":{"line":125,"column":6},"end":{"line":125,"column":69}},"56":{"start":{"line":126,"column":6},"end":{"line":126,"column":46}},"57":{"start":{"line":131,"column":0},"end":{"line":131,"column":27}}},"fnMap":{"0":{"name":"(anonymous_0)","decl":{"start":{"line":13,"column":20},"end":{"line":13,"column":21}},"loc":{"start":{"line":13,"column":51},"end":{"line":22,"column":5}},"line":13},"1":{"name":"(anonymous_1)","decl":{"start":{"line":27,"column":26},"end":{"line":27,"column":27}},"loc":{"start":{"line":27,"column":57},"end":{"line":31,"column":5}},"line":27},"2":{"name":"(anonymous_2)","decl":{"start":{"line":36,"column":14},"end":{"line":36,"column":15}},"loc":{"start":{"line":36,"column":45},"end":{"line":52,"column":5}},"line":36},"3":{"name":"(anonymous_3)","decl":{"start":{"line":43,"column":20},"end":{"line":43,"column":21}},"loc":{"start":{"line":43,"column":31},"end":{"line":46,"column":9}},"line":43},"4":{"name":"(anonymous_4)","decl":{"start":{"line":57,"column":17},"end":{"line":57,"column":18}},"loc":{"start":{"line":57,"column":48},"end":{"line":61,"column":5}},"line":57},"5":{"name":"(anonymous_5)","decl":{"start":{"line":66,"column":25},"end":{"line":66,"column":26}},"loc":{"start":{"line":66,"column":56},"end":{"line":78,"column":5}},"line":66},"6":{"name":"(anonymous_6)","decl":{"start":{"line":86,"column":16},"end":{"line":86,"column":17}},"loc":{"start":{"line":86,"column":47},"end":{"line":92,"column":5}},"line":86},"7":{"name":"(anonymous_7)","decl":{"start":{"line":97,"column":16},"end":{"line":97,"column":17}},"loc":{"start":{"line":97,"column":47},"end":{"line":103,"column":5}},"line":97},"8":{"name":"(anonymous_8)","decl":{"start":{"line":108,"column":23},"end":{"line":108,"column":24}},"loc":{"start":{"line":108,"column":54},"end":{"line":114,"column":5}},"line":108},"9":{"name":"(anonymous_9)","decl":{"start":{"line":122,"column":18},"end":{"line":122,"column":19}},"loc":{"start":{"line":122,"column":50},"end":{"line":127,"column":5}},"line":122}},"branchMap":{"0":{"loc":{"start":{"line":15,"column":6},"end":{"line":21,"column":7}},"type":"if","locations":[{"start":{"line":15,"column":6},"end":{"line":21,"column":7}},{"start":{"line":15,"column":6},"end":{"line":21,"column":7}}],"line":15},"1":{"loc":{"start":{"line":16,"column":8},"end":{"line":16,"column":57}},"type":"if","locations":[{"start":{"line":16,"column":8},"end":{"line":16,"column":57}},{"start":{"line":16,"column":8},"end":{"line":16,"column":57}}],"line":16},"2":{"loc":{"start":{"line":17,"column":8},"end":{"line":17,"column":80}},"type":"if","locations":[{"start":{"line":17,"column":8},"end":{"line":17,"column":80}},{"start":{"line":17,"column":8},"end":{"line":17,"column":80}}],"line":17},"3":{"loc":{"start":{"line":29,"column":6},"end":{"line":29,"column":48}},"type":"if","locations":[{"start":{"line":29,"column":6},"end":{"line":29,"column":48}},{"start":{"line":29,"column":6},"end":{"line":29,"column":48}}],"line":29},"4":{"loc":{"start":{"line":38,"column":20},"end":{"line":38,"column":35}},"type":"binary-expr","locations":[{"start":{"line":38,"column":20},"end":{"line":38,"column":30}},{"start":{"line":38,"column":34},"end":{"line":38,"column":35}}],"line":38},"5":{"loc":{"start":{"line":39,"column":19},"end":{"line":39,"column":48}},"type":"cond-expr","locations":[{"start":{"line":39,"column":31},"end":{"line":39,"column":44}},{"start":{"line":39,"column":47},"end":{"line":39,"column":48}}],"line":39},"6":{"loc":{"start":{"line":42,"column":6},"end":{"line":47,"column":7}},"type":"if","locations":[{"start":{"line":42,"column":6},"end":{"line":47,"column":7}},{"start":{"line":42,"column":6},"end":{"line":47,"column":7}}],"line":42},"7":{"loc":{"start":{"line":59,"column":6},"end":{"line":59,"column":48}},"type":"if","locations":[{"start":{"line":59,"column":6},"end":{"line":59,"column":48}},{"start":{"line":59,"column":6},"end":{"line":59,"column":48}}],"line":59},"8":{"loc":{"start":{"line":68,"column":6},"end":{"line":68,"column":48}},"type":"if","locations":[{"start":{"line":68,"column":6},"end":{"line":68,"column":48}},{"start":{"line":68,"column":6},"end":{"line":68,"column":48}}],"line":68},"9":{"loc":{"start":{"line":76,"column":6},"end":{"line":76,"column":50}},"type":"if","locations":[{"start":{"line":76,"column":6},"end":{"line":76,"column":50}},{"start":{"line":76,"column":6},"end":{"line":76,"column":50}}],"line":76}},"s":{"0":1,"1":1,"2":1,"3":0,"4":0,"5":0,"6":0,"7":0,"8":0,"9":0,"10":0,"11":0,"12":0,"13":0,"14":0,"15":0,"16":0,"17":0,"18":0,"19":0,"20":0,"21":0,"22":0,"23":0,"24":0,"25":0,"26":0,"27":0,"28":0,"29":0,"30":0,"31":0,"32":0,"33":0,"34":0,"35":0,"36":0,"37":0,"38":0,"39":0,"40":0,"41":0,"42":0,"43":0,"44":0,"45":0,"46":0,"47":0,"48":0,"49":0,"50":0,"51":0,"52":0,"53":0,"54":0,"55":0,"56":0,"57":1},"f":{"0":0,"1":0,"2":0,"3":0,"4":0,"5":0,"6":0,"7":0,"8":0,"9":0},"b":{"0":[0,0],"1":[0,0],"2":[0,0],"3":[0,0],"4":[0,0],"5":[0,0],"6":[0,0],"7":[0,0],"8":[0,0],"9":[0,0]},"_coverageSchema":"332fd63041d2c1bcb487cc26dd0d5f7d97098a6c","hash":"744cb336a26c9811cac2fdd77d0678aa387b0ecd"}
,"/home/afonsodev/projects/fullstack-js/server/core/modules/user/routes.js": {"path":"/home/afonsodev/projects/fullstack-js/server/core/modules/user/routes.js","statementMap":{"0":{"start":{"line":1,"column":13},"end":{"line":1,"column":32}},"1":{"start":{"line":2,"column":18},"end":{"line":2,"column":35}},"2":{"start":{"line":3,"column":33},"end":{"line":3,"column":63}},"3":{"start":{"line":4,"column":13},"end":{"line":4,"column":30}},"4":{"start":{"line":9,"column":16},"end":{"line":9,"column":53}},"5":{"start":{"line":10,"column":20},"end":{"line":13,"column":1}},"6":{"start":{"line":11,"column":16},"end":{"line":11,"column":71}},"7":{"start":{"line":12,"column":2},"end":{"line":12,"column":42}},"8":{"start":{"line":18,"column":0},"end":{"line":100,"column":1}},"9":{"start":{"line":21,"column":2},"end":{"line":25,"column":5}},"10":{"start":{"line":22,"column":29},"end":{"line":22,"column":39}},"11":{"start":{"line":23,"column":17},"end":{"line":23,"column":54}},"12":{"start":{"line":24,"column":4},"end":{"line":24,"column":26}},"13":{"start":{"line":28,"column":2},"end":{"line":41,"column":5}},"14":{"start":{"line":31,"column":16},"end":{"line":34,"column":6}},"15":{"start":{"line":37,"column":4},"end":{"line":37,"column":60}},"16":{"start":{"line":38,"column":4},"end":{"line":38,"column":51}},"17":{"start":{"line":39,"column":4},"end":{"line":39,"column":48}},"18":{"start":{"line":40,"column":4},"end":{"line":40,"column":18}},"19":{"start":{"line":44,"column":2},"end":{"line":98,"column":5}},"20":{"start":{"line":47,"column":4},"end":{"line":47,"column":41}},"21":{"start":{"line":48,"column":23},"end":{"line":48,"column":66}},"22":{"start":{"line":49,"column":4},"end":{"line":49,"column":38}},"23":{"start":{"line":52,"column":4},"end":{"line":52,"column":50}},"24":{"start":{"line":53,"column":18},"end":{"line":53,"column":45}},"25":{"start":{"line":56,"column":4},"end":{"line":59,"column":5}},"26":{"start":{"line":57,"column":6},"end":{"line":57,"column":50}},"27":{"start":{"line":58,"column":6},"end":{"line":58,"column":39}},"28":{"start":{"line":62,"column":18},"end":{"line":62,"column":42}},"29":{"start":{"line":63,"column":15},"end":{"line":63,"column":57}},"30":{"start":{"line":66,"column":4},"end":{"line":69,"column":5}},"31":{"start":{"line":67,"column":6},"end":{"line":67,"column":50}},"32":{"start":{"line":68,"column":6},"end":{"line":68,"column":39}},"33":{"start":{"line":81,"column":4},"end":{"line":84,"column":5}},"34":{"start":{"line":82,"column":6},"end":{"line":82,"column":50}},"35":{"start":{"line":83,"column":6},"end":{"line":83,"column":39}},"36":{"start":{"line":87,"column":4},"end":{"line":87,"column":48}},"37":{"start":{"line":90,"column":4},"end":{"line":90,"column":48}},"38":{"start":{"line":91,"column":4},"end":{"line":91,"column":24}},"39":{"start":{"line":94,"column":4},"end":{"line":94,"column":33}},"40":{"start":{"line":97,"column":4},"end":{"line":97,"column":30}}},"fnMap":{"0":{"name":"(anonymous_0)","decl":{"start":{"line":10,"column":20},"end":{"line":10,"column":21}},"loc":{"start":{"line":10,"column":38},"end":{"line":13,"column":1}},"line":10},"1":{"name":"(anonymous_1)","decl":{"start":{"line":18,"column":17},"end":{"line":18,"column":18}},"loc":{"start":{"line":18,"column":34},"end":{"line":100,"column":1}},"line":18},"2":{"name":"(anonymous_2)","decl":{"start":{"line":21,"column":43},"end":{"line":21,"column":44}},"loc":{"start":{"line":21,"column":64},"end":{"line":25,"column":3}},"line":21},"3":{"name":"(anonymous_3)","decl":{"start":{"line":28,"column":35},"end":{"line":28,"column":36}},"loc":{"start":{"line":28,"column":56},"end":{"line":41,"column":3}},"line":28},"4":{"name":"(anonymous_4)","decl":{"start":{"line":44,"column":39},"end":{"line":44,"column":40}},"loc":{"start":{"line":44,"column":60},"end":{"line":98,"column":3}},"line":44}},"branchMap":{"0":{"loc":{"start":{"line":56,"column":4},"end":{"line":59,"column":5}},"type":"if","locations":[{"start":{"line":56,"column":4},"end":{"line":59,"column":5}},{"start":{"line":56,"column":4},"end":{"line":59,"column":5}}],"line":56},"1":{"loc":{"start":{"line":66,"column":4},"end":{"line":69,"column":5}},"type":"if","locations":[{"start":{"line":66,"column":4},"end":{"line":69,"column":5}},{"start":{"line":66,"column":4},"end":{"line":69,"column":5}}],"line":66},"2":{"loc":{"start":{"line":81,"column":4},"end":{"line":84,"column":5}},"type":"if","locations":[{"start":{"line":81,"column":4},"end":{"line":84,"column":5}},{"start":{"line":81,"column":4},"end":{"line":84,"column":5}}],"line":81}},"s":{"0":2,"1":2,"2":2,"3":2,"4":2,"5":2,"6":0,"7":0,"8":2,"9":3,"10":0,"11":0,"12":0,"13":3,"14":0,"15":0,"16":0,"17":0,"18":0,"19":3,"20":0,"21":0,"22":0,"23":0,"24":0,"25":0,"26":0,"27":0,"28":0,"29":0,"30":0,"31":0,"32":0,"33":0,"34":0,"35":0,"36":0,"37":0,"38":0,"39":0,"40":0},"f":{"0":0,"1":3,"2":0,"3":0,"4":0},"b":{"0":[0,0],"1":[0,0],"2":[0,0]},"_coverageSchema":"332fd63041d2c1bcb487cc26dd0d5f7d97098a6c","hash":"f81086081523acb387f9a40fcdfc31642290b375"}
}
