TN:
SF:/home/afonsodev/projects/fullstack-js/server/core/Authorization.js
FN:18,(anonymous_0)
FN:26,(anonymous_1)
FN:55,(anonymous_2)
FN:56,(anonymous_3)
FN:58,(anonymous_4)
FN:76,(anonymous_5)
FN:77,(anonymous_6)
FN:99,(anonymous_7)
FN:101,(anonymous_8)
FN:113,(anonymous_9)
FN:114,(anonymous_10)
FNF:11
FNH:0
FNDA:0,(anonymous_0)
FNDA:0,(anonymous_1)
FNDA:0,(anonymous_2)
FNDA:0,(anonymous_3)
FNDA:0,(anonymous_4)
FNDA:0,(anonymous_5)
FNDA:0,(anonymous_6)
FNDA:0,(anonymous_7)
FNDA:0,(anonymous_8)
FNDA:0,(anonymous_9)
FNDA:0,(anonymous_10)
DA:1,2
DA:2,2
DA:3,2
DA:4,2
DA:5,2
DA:6,2
DA:19,0
DA:27,0
DA:30,0
DA:32,0
DA:33,0
DA:36,0
DA:39,0
DA:40,0
DA:43,0
DA:45,0
DA:46,0
DA:56,0
DA:57,0
DA:58,0
DA:59,0
DA:60,0
DA:62,0
DA:64,0
DA:77,0
DA:78,0
DA:79,0
DA:80,0
DA:83,0
DA:84,0
DA:85,0
DA:86,0
DA:87,0
DA:90,0
DA:100,0
DA:101,0
DA:102,0
DA:104,0
DA:114,0
DA:115,0
DA:116,0
DA:118,0
DA:120,0
DA:124,2
LF:44
LH:7
BRDA:19,0,0,0
BRDA:19,0,1,0
BRDA:59,1,0,0
BRDA:59,1,1,0
BRDA:59,2,0,0
BRDA:59,2,1,0
BRDA:60,3,0,0
BRDA:60,3,1,0
BRDA:84,4,0,0
BRDA:84,4,1,0
BRDA:85,5,0,0
BRDA:85,5,1,0
BRDA:102,6,0,0
BRDA:102,6,1,0
BRDA:102,6,2,0
BRDA:115,7,0,0
BRDA:115,7,1,0
BRDA:115,8,0,0
BRDA:115,8,1,0
BRDA:116,9,0,0
BRDA:116,9,1,0
BRF:21
BRH:0
end_of_record
TN:
SF:/home/afonsodev/projects/fullstack-js/server/core/EmailClient.js
FN:14,(anonymous_0)
FN:35,(anonymous_1)
FN:53,(anonymous_2)
FN:67,(anonymous_3)
FN:89,(anonymous_4)
FN:90,(anonymous_5)
FNF:6
FNH:0
FNDA:0,(anonymous_0)
FNDA:0,(anonymous_1)
FNDA:0,(anonymous_2)
FNDA:0,(anonymous_3)
FNDA:0,(anonymous_4)
FNDA:0,(anonymous_5)
DA:1,0
DA:2,0
DA:3,0
DA:4,0
DA:15,0
DA:36,0
DA:37,0
DA:38,0
DA:39,0
DA:41,0
DA:42,0
DA:43,0
DA:44,0
DA:54,0
DA:55,0
DA:56,0
DA:57,0
DA:70,0
DA:73,0
DA:76,0
DA:79,0
DA:80,0
DA:89,0
DA:90,0
DA:91,0
DA:92,0
DA:93,0
DA:95,0
DA:96,0
DA:102,0
LF:30
LH:0
BRDA:35,0,0,0
BRDA:56,1,0,0
BRDA:56,1,1,0
BRDA:67,2,0,0
BRDA:67,3,0,0
BRDA:70,4,0,0
BRDA:70,4,1,0
BRDA:73,5,0,0
BRDA:73,5,1,0
BRDA:91,6,0,0
BRDA:91,6,1,0
BRDA:92,7,0,0
BRDA:92,7,1,0
BRDA:95,8,0,0
BRDA:95,8,1,0
BRF:15
BRH:0
end_of_record
TN:
SF:/home/afonsodev/projects/fullstack-js/server/core/Framework.js
FN:12,(anonymous_0)
FN:33,(anonymous_1)
FN:46,(anonymous_2)
FN:49,(anonymous_3)
FN:52,(anonymous_4)
FN:55,(anonymous_5)
FN:58,(anonymous_6)
FN:61,(anonymous_7)
FN:64,(anonymous_8)
FN:67,(anonymous_9)
FN:79,(anonymous_10)
FN:86,(anonymous_11)
FN:93,(anonymous_12)
FN:105,(anonymous_13)
FN:108,(anonymous_14)
FN:117,(anonymous_15)
FNF:16
FNH:16
FNDA:35,(anonymous_0)
FNDA:11,(anonymous_1)
FNDA:2,(anonymous_2)
FNDA:1,(anonymous_3)
FNDA:1,(anonymous_4)
FNDA:2,(anonymous_5)
FNDA:1,(anonymous_6)
FNDA:2,(anonymous_7)
FNDA:1,(anonymous_8)
FNDA:1,(anonymous_9)
FNDA:1,(anonymous_10)
FNDA:2,(anonymous_11)
FNDA:1,(anonymous_12)
FNDA:1,(anonymous_13)
FNDA:3,(anonymous_14)
FNDA:1,(anonymous_15)
DA:1,2
DA:2,2
DA:3,2
DA:4,2
DA:5,2
DA:12,2
DA:13,35
DA:14,35
DA:15,35
DA:19,2
DA:20,2
DA:21,2
DA:34,11
DA:35,11
DA:36,11
DA:39,11
DA:42,11
DA:45,11
DA:47,2
DA:50,1
DA:53,1
DA:56,2
DA:59,1
DA:62,2
DA:65,1
DA:68,1
DA:73,11
DA:80,1
DA:87,2
DA:94,1
DA:95,1
DA:96,1
DA:97,3
DA:99,1
DA:106,1
DA:107,1
DA:109,3
DA:111,1
DA:118,1
DA:119,3
DA:120,1
DA:121,1
DA:125,2
LF:43
LH:43
BRDA:14,0,0,34
BRDA:14,0,1,1
BRDA:35,1,0,11
BRDA:35,1,1,0
BRDA:36,2,0,0
BRDA:36,2,1,11
BRDA:36,3,0,11
BRDA:36,3,1,1
BRDA:39,4,0,0
BRDA:39,4,1,11
BRDA:39,5,0,11
BRDA:39,5,1,1
BRDA:120,6,0,0
BRDA:120,6,1,1
BRF:14
BRH:10
end_of_record
TN:
SF:/home/afonsodev/projects/fullstack-js/server/core/GraphqlAuthorization.js
FN:17,(anonymous_0)
FN:18,(anonymous_1)
FN:29,(anonymous_2)
FNF:3
FNH:0
FNDA:0,(anonymous_0)
FNDA:0,(anonymous_1)
FNDA:0,(anonymous_2)
DA:1,0
DA:2,0
DA:3,0
DA:4,0
DA:18,0
DA:21,0
DA:22,0
DA:23,0
DA:26,0
DA:29,0
DA:36,0
DA:39,0
DA:40,0
DA:41,0
DA:42,0
DA:44,0
DA:48,0
LF:17
LH:0
BRDA:2,0,0,0
BRDA:2,0,1,0
BRDA:26,1,0,0
BRDA:26,1,1,0
BRDA:28,2,0,0
BRDA:28,2,1,0
BRDA:36,3,0,0
BRDA:36,3,1,0
BRF:8
BRH:0
end_of_record
TN:
SF:/home/afonsodev/projects/fullstack-js/server/core/GraphqlManager.js
FN:15,(anonymous_0)
FN:21,(anonymous_1)
FN:30,(anonymous_2)
FN:47,(anonymous_3)
FN:49,(anonymous_4)
FN:69,(anonymous_5)
FN:86,(anonymous_6)
FN:94,(anonymous_7)
FNF:8
FNH:0
FNDA:0,(anonymous_0)
FNDA:0,(anonymous_1)
FNDA:0,(anonymous_2)
FNDA:0,(anonymous_3)
FNDA:0,(anonymous_4)
FNDA:0,(anonymous_5)
FNDA:0,(anonymous_6)
FNDA:0,(anonymous_7)
DA:1,2
DA:2,2
DA:3,2
DA:4,2
DA:16,0
DA:17,0
DA:18,0
DA:21,0
DA:23,0
DA:31,0
DA:32,0
DA:33,0
DA:34,0
DA:35,0
DA:36,0
DA:37,0
DA:38,0
DA:39,0
DA:44,0
DA:47,0
DA:48,0
DA:49,0
DA:50,0
DA:51,0
DA:54,0
DA:55,0
DA:57,0
DA:63,0
DA:72,0
DA:73,0
DA:74,0
DA:75,0
DA:79,0
DA:80,0
DA:87,0
DA:95,0
DA:96,0
DA:97,0
DA:101,2
LF:39
LH:5
BRDA:37,0,0,0
BRDA:37,0,1,0
BRDA:48,1,0,0
BRDA:48,1,1,0
BRDA:54,2,0,0
BRDA:54,2,1,0
BRDA:73,3,0,0
BRDA:73,3,1,0
BRDA:87,4,0,0
BRDA:87,4,1,0
BRF:10
BRH:0
end_of_record
TN:
SF:/home/afonsodev/projects/fullstack-js/server/core/Model.js
FNF:0
FNH:0
DA:4,2
DA:5,2
DA:6,2
DA:9,2
DA:10,2
DA:13,2
DA:15,2
LF:7
LH:7
BRF:0
BRH:0
end_of_record
TN:
SF:/home/afonsodev/projects/fullstack-js/server/core/ModuleManager.js
FN:12,(anonymous_0)
FN:15,(anonymous_1)
FN:19,(anonymous_2)
FN:28,(anonymous_3)
FN:44,(anonymous_4)
FN:55,(anonymous_5)
FN:63,(anonymous_6)
FN:84,(anonymous_7)
FN:95,(anonymous_8)
FN:96,(anonymous_9)
FN:114,(anonymous_10)
FN:130,(anonymous_11)
FN:141,(anonymous_12)
FN:144,(anonymous_13)
FN:157,(anonymous_14)
FNF:15
FNH:15
FNDA:6,(anonymous_0)
FNDA:18,(anonymous_1)
FNDA:6,(anonymous_2)
FNDA:2,(anonymous_3)
FNDA:1,(anonymous_4)
FNDA:4,(anonymous_5)
FNDA:1,(anonymous_6)
FNDA:2,(anonymous_7)
FNDA:14,(anonymous_8)
FNDA:46,(anonymous_9)
FNDA:10,(anonymous_10)
FNDA:2,(anonymous_11)
FNDA:4,(anonymous_12)
FNDA:6,(anonymous_13)
FNDA:1,(anonymous_14)
DA:1,2
DA:2,2
DA:13,6
DA:14,6
DA:15,6
DA:16,18
DA:18,6
DA:19,6
DA:20,6
DA:22,6
DA:29,2
DA:30,2
DA:31,2
DA:32,2
DA:33,8
DA:34,8
DA:35,8
DA:36,8
DA:38,2
DA:45,1
DA:47,1
DA:56,4
DA:64,1
DA:65,1
DA:68,1
DA:69,1
DA:70,1
DA:73,1
DA:74,1
DA:75,1
DA:76,1
DA:77,1
DA:78,1
DA:85,2
DA:86,2
DA:87,2
DA:90,2
DA:91,8
DA:92,8
DA:93,8
DA:94,8
DA:95,8
DA:96,14
DA:97,46
DA:104,2
DA:105,2
DA:106,8
DA:107,8
DA:108,8
DA:109,6
DA:110,6
DA:113,2
DA:114,2
DA:115,10
DA:119,2
DA:122,2
DA:131,2
DA:133,2
DA:142,4
DA:143,4
DA:144,4
DA:145,6
DA:146,6
DA:147,6
DA:148,6
DA:151,4
DA:158,1
DA:159,1
DA:160,1
DA:161,1
DA:162,1
DA:163,1
DA:164,4
DA:165,4
DA:166,4
DA:167,4
DA:168,4
DA:169,4
DA:173,1
DA:186,1
DA:190,2
LF:81
LH:81
BRDA:16,0,0,18
BRDA:16,0,1,0
BRDA:20,1,0,6
BRDA:20,1,1,0
BRDA:36,2,0,6
BRDA:36,2,1,2
BRDA:45,3,0,1
BRDA:45,3,1,0
BRDA:56,4,0,4
BRDA:56,4,1,0
BRDA:93,5,0,8
BRDA:93,5,1,0
BRDA:108,6,0,6
BRDA:108,6,1,2
BRDA:131,7,0,2
BRDA:131,7,1,0
BRDA:147,8,0,6
BRDA:147,8,1,0
BRDA:147,9,0,6
BRDA:147,9,1,6
BRDA:165,10,0,4
BRDA:165,10,1,0
BRDA:167,11,0,3
BRDA:167,11,1,1
BRDA:169,12,0,4
BRDA:169,12,1,0
BRF:26
BRH:17
end_of_record
TN:
SF:/home/afonsodev/projects/fullstack-js/server/core/RouterAuthorization.js
FN:17,(anonymous_0)
FN:20,(anonymous_1)
FN:21,(anonymous_2)
FN:44,(anonymous_3)
FN:55,(anonymous_4)
FNF:5
FNH:0
FNDA:0,(anonymous_0)
FNDA:0,(anonymous_1)
FNDA:0,(anonymous_2)
FNDA:0,(anonymous_3)
FNDA:0,(anonymous_4)
DA:1,0
DA:2,0
DA:3,0
DA:4,0
DA:5,0
DA:18,0
DA:19,0
DA:20,0
DA:21,0
DA:22,0
DA:23,0
DA:25,0
DA:26,0
DA:28,0
DA:33,0
DA:34,0
DA:47,0
DA:48,0
DA:49,0
DA:52,0
DA:55,0
DA:62,0
DA:65,0
DA:66,0
DA:67,0
DA:68,0
DA:72,0
LF:27
LH:0
BRDA:4,0,0,0
BRDA:4,0,1,0
BRDA:25,1,0,0
BRDA:25,1,1,0
BRDA:52,2,0,0
BRDA:52,2,1,0
BRDA:54,3,0,0
BRDA:54,3,1,0
BRDA:62,4,0,0
BRDA:62,4,1,0
BRF:10
BRH:0
end_of_record
TN:
SF:/home/afonsodev/projects/fullstack-js/server/core/modules/public/routes.js
FN:6,(anonymous_0)
FNF:1
FNH:0
FNDA:0,(anonymous_0)
DA:1,0
DA:6,0
DA:7,0
DA:10,0
LF:4
LH:0
BRDA:7,0,0,0
BRDA:7,0,1,0
BRF:2
BRH:0
end_of_record
TN:
SF:/home/afonsodev/projects/fullstack-js/server/core/modules/resource/ResourceHook.js
FN:8,(anonymous_0)
FN:15,(anonymous_1)
FN:28,(anonymous_2)
FNF:3
FNH:0
FNDA:0,(anonymous_0)
FNDA:0,(anonymous_1)
FNDA:0,(anonymous_2)
DA:1,2
DA:9,0
DA:16,0
DA:29,0
DA:30,0
DA:31,0
DA:32,0
DA:37,0
DA:41,2
LF:9
LH:2
BRF:0
BRH:0
end_of_record
TN:
SF:/home/afonsodev/projects/fullstack-js/server/core/modules/resource/resolvers.js
FN:12,(anonymous_0)
FN:22,(anonymous_1)
FN:53,(anonymous_2)
FNF:3
FNH:0
FNDA:0,(anonymous_0)
FNDA:0,(anonymous_1)
FNDA:0,(anonymous_2)
DA:1,1
DA:6,1
DA:13,0
DA:14,0
DA:15,0
DA:16,0
DA:23,0
DA:24,0
DA:25,0
DA:28,0
DA:31,0
DA:34,0
DA:37,0
DA:40,0
DA:43,0
DA:44,0
DA:54,0
DA:57,0
DA:62,1
LF:19
LH:3
BRDA:24,0,0,0
BRDA:24,0,1,0
BRDA:25,1,0,0
BRDA:25,1,1,0
BRDA:28,2,0,0
BRDA:28,2,1,0
BRDA:31,3,0,0
BRDA:31,3,1,0
BRDA:34,4,0,0
BRDA:34,4,1,0
BRDA:37,5,0,0
BRDA:37,5,1,0
BRF:12
BRH:0
end_of_record
TN:
SF:/home/afonsodev/projects/fullstack-js/server/core/modules/role/Permission.js
FN:9,(anonymous_0)
FN:16,(anonymous_1)
FN:29,(anonymous_2)
FN:45,(anonymous_3)
FNF:4
FNH:0
FNDA:0,(anonymous_0)
FNDA:0,(anonymous_1)
FNDA:0,(anonymous_2)
FNDA:0,(anonymous_3)
DA:1,2
DA:2,2
DA:10,0
DA:17,0
DA:30,0
DA:46,0
DA:47,0
DA:48,0
DA:49,0
DA:54,0
DA:58,2
LF:11
LH:3
BRDA:52,0,0,0
BRDA:52,0,1,0
BRF:2
BRH:0
end_of_record
TN:
SF:/home/afonsodev/projects/fullstack-js/server/core/modules/role/Role.js
FN:9,(anonymous_0)
FN:16,(anonymous_1)
FN:28,(anonymous_2)
FN:39,(anonymous_3)
FN:46,(anonymous_4)
FNF:5
FNH:0
FNDA:0,(anonymous_0)
FNDA:0,(anonymous_1)
FNDA:0,(anonymous_2)
FNDA:0,(anonymous_3)
FNDA:0,(anonymous_4)
DA:1,2
DA:2,2
DA:10,0
DA:17,0
DA:18,0
DA:19,0
DA:20,0
DA:21,0
DA:22,0
DA:29,0
DA:40,0
DA:47,0
DA:59,2
LF:13
LH:3
BRF:0
BRH:0
end_of_record
TN:
SF:/home/afonsodev/projects/fullstack-js/server/core/modules/role/RoleHook.js
FN:9,(anonymous_0)
FN:16,(anonymous_1)
FN:29,(anonymous_2)
FN:45,(anonymous_3)
FNF:4
FNH:0
FNDA:0,(anonymous_0)
FNDA:0,(anonymous_1)
FNDA:0,(anonymous_2)
FNDA:0,(anonymous_3)
DA:1,2
DA:2,2
DA:10,0
DA:17,0
DA:30,0
DA:46,0
DA:49,0
DA:50,0
DA:51,0
DA:56,0
DA:59,0
DA:60,0
DA:61,0
DA:66,0
DA:70,2
LF:15
LH:3
BRF:0
BRH:0
end_of_record
TN:
SF:/home/afonsodev/projects/fullstack-js/server/core/modules/role/RoleUser.js
FN:12,(anonymous_0)
FN:19,(anonymous_1)
FN:32,(anonymous_2)
FN:45,(anonymous_3)
FN:69,(anonymous_4)
FN:83,(anonymous_5)
FNF:6
FNH:0
FNDA:0,(anonymous_0)
FNDA:0,(anonymous_1)
FNDA:0,(anonymous_2)
FNDA:0,(anonymous_3)
FNDA:0,(anonymous_4)
FNDA:0,(anonymous_5)
DA:1,1
DA:2,1
DA:3,1
DA:4,1
DA:5,1
DA:13,0
DA:20,0
DA:24,0
DA:25,0
DA:33,0
DA:46,0
DA:70,0
DA:71,0
DA:72,0
DA:77,0
DA:84,0
DA:85,0
DA:86,0
DA:91,0
DA:95,1
LF:20
LH:6
BRDA:24,0,0,0
BRDA:24,0,1,0
BRDA:24,1,0,0
BRDA:24,1,1,0
BRDA:89,2,0,0
BRDA:89,2,1,0
BRF:6
BRH:0
end_of_record
TN:
SF:/home/afonsodev/projects/fullstack-js/server/core/modules/role/resolvers.js
FN:16,(anonymous_0)
FN:34,(anonymous_1)
FN:43,(anonymous_2)
FN:73,(anonymous_3)
FN:101,(anonymous_4)
FN:132,(anonymous_5)
FN:143,(anonymous_6)
FN:154,(anonymous_7)
FN:164,(anonymous_8)
FN:174,(anonymous_9)
FNF:10
FNH:0
FNDA:0,(anonymous_0)
FNDA:0,(anonymous_1)
FNDA:0,(anonymous_2)
FNDA:0,(anonymous_3)
FNDA:0,(anonymous_4)
FNDA:0,(anonymous_5)
FNDA:0,(anonymous_6)
FNDA:0,(anonymous_7)
FNDA:0,(anonymous_8)
FNDA:0,(anonymous_9)
DA:1,1
DA:2,1
DA:3,1
DA:4,1
DA:5,1
DA:10,1
DA:17,0
DA:18,0
DA:19,0
DA:22,0
DA:23,0
DA:27,0
DA:28,0
DA:35,0
DA:36,0
DA:37,0
DA:44,0
DA:45,0
DA:46,0
DA:49,0
DA:52,0
DA:55,0
DA:58,0
DA:59,0
DA:63,0
DA:66,0
DA:67,0
DA:74,0
DA:75,0
DA:76,0
DA:79,0
DA:82,0
DA:85,0
DA:88,0
DA:91,0
DA:94,0
DA:95,0
DA:102,0
DA:103,0
DA:104,0
DA:107,0
DA:110,0
DA:113,0
DA:116,0
DA:119,0
DA:122,0
DA:123,0
DA:133,0
DA:134,0
DA:137,0
DA:144,0
DA:145,0
DA:148,0
DA:155,0
DA:158,0
DA:165,0
DA:168,0
DA:175,0
DA:178,0
DA:183,1
LF:60
LH:7
BRDA:18,0,0,0
BRDA:18,0,1,0
BRDA:19,1,0,0
BRDA:19,1,1,0
BRDA:22,2,0,0
BRDA:22,2,1,0
BRDA:36,3,0,0
BRDA:36,3,1,0
BRDA:45,4,0,0
BRDA:45,4,1,0
BRDA:46,5,0,0
BRDA:46,5,1,0
BRDA:52,6,0,0
BRDA:52,6,1,0
BRDA:55,7,0,0
BRDA:55,7,1,0
BRDA:58,8,0,0
BRDA:58,8,1,0
BRDA:75,9,0,0
BRDA:75,9,1,0
BRDA:76,10,0,0
BRDA:76,10,1,0
BRDA:82,11,0,0
BRDA:82,11,1,0
BRDA:85,12,0,0
BRDA:85,12,1,0
BRDA:88,13,0,0
BRDA:88,13,1,0
BRDA:103,14,0,0
BRDA:103,14,1,0
BRDA:104,15,0,0
BRDA:104,15,1,0
BRDA:110,16,0,0
BRDA:110,16,1,0
BRDA:113,17,0,0
BRDA:113,17,1,0
BRDA:116,18,0,0
BRDA:116,18,1,0
BRF:38
BRH:0
end_of_record
TN:
SF:/home/afonsodev/projects/fullstack-js/server/core/modules/role/routes.js
FN:7,(anonymous_0)
FN:10,(anonymous_1)
FNF:2
FNH:1
FNDA:3,(anonymous_0)
FNDA:0,(anonymous_1)
DA:1,2
DA:2,2
DA:7,2
DA:10,3
DA:11,0
DA:12,0
DA:15,0
DA:16,0
DA:19,0
DA:20,0
DA:23,0
DA:24,0
DA:27,0
DA:28,0
DA:29,0
DA:30,0
DA:31,0
LF:17
LH:4
BRF:0
BRH:0
end_of_record
TN:
SF:/home/afonsodev/projects/fullstack-js/server/core/modules/user/GoogleOAuthClient.js
FNF:0
FNH:0
DA:1,2
DA:6,2
DA:16,2
LF:3
LH:3
BRF:0
BRH:0
end_of_record
TN:
SF:/home/afonsodev/projects/fullstack-js/server/core/modules/user/User.js
FN:20,(anonymous_0)
FN:27,(anonymous_1)
FN:41,(anonymous_2)
FN:48,(anonymous_3)
FN:55,(anonymous_4)
FN:62,(anonymous_5)
FN:72,(anonymous_6)
FN:80,(anonymous_7)
FN:88,(anonymous_8)
FN:98,(anonymous_9)
FN:106,(anonymous_10)
FN:118,(anonymous_11)
FN:126,(anonymous_12)
FN:136,(anonymous_13)
FN:148,(anonymous_14)
FN:162,(anonymous_15)
FN:168,(anonymous_16)
FN:169,(anonymous_17)
FN:174,(anonymous_18)
FN:175,(anonymous_19)
FN:184,(anonymous_20)
FN:194,(anonymous_21)
FN:203,(anonymous_22)
FN:222,(anonymous_23)
FN:247,(anonymous_24)
FNF:25
FNH:0
FNDA:0,(anonymous_0)
FNDA:0,(anonymous_1)
FNDA:0,(anonymous_2)
FNDA:0,(anonymous_3)
FNDA:0,(anonymous_4)
FNDA:0,(anonymous_5)
FNDA:0,(anonymous_6)
FNDA:0,(anonymous_7)
FNDA:0,(anonymous_8)
FNDA:0,(anonymous_9)
FNDA:0,(anonymous_10)
FNDA:0,(anonymous_11)
FNDA:0,(anonymous_12)
FNDA:0,(anonymous_13)
FNDA:0,(anonymous_14)
FNDA:0,(anonymous_15)
FNDA:0,(anonymous_16)
FNDA:0,(anonymous_17)
FNDA:0,(anonymous_18)
FNDA:0,(anonymous_19)
FNDA:0,(anonymous_20)
FNDA:0,(anonymous_21)
FNDA:0,(anonymous_22)
FNDA:0,(anonymous_23)
FNDA:0,(anonymous_24)
DA:1,2
DA:2,2
DA:3,2
DA:4,2
DA:5,2
DA:6,2
DA:9,2
DA:10,2
DA:21,0
DA:28,0
DA:42,0
DA:49,0
DA:56,0
DA:63,0
DA:64,0
DA:65,0
DA:73,0
DA:81,0
DA:89,0
DA:90,0
DA:91,0
DA:99,0
DA:107,0
DA:110,0
DA:111,0
DA:119,0
DA:120,0
DA:127,0
DA:130,0
DA:137,0
DA:138,0
DA:139,0
DA:141,0
DA:149,0
DA:150,0
DA:152,0
DA:163,0
DA:164,0
DA:165,0
DA:166,0
DA:167,0
DA:168,0
DA:169,0
DA:170,0
DA:171,0
DA:174,0
DA:175,0
DA:185,0
DA:195,0
DA:196,0
DA:197,0
DA:204,0
DA:223,0
DA:224,0
DA:225,0
DA:226,0
DA:227,0
DA:232,0
DA:238,0
DA:248,0
DA:249,0
DA:250,0
DA:251,0
DA:252,0
DA:253,0
DA:257,2
LF:66
LH:9
BRDA:49,0,0,0
BRDA:49,0,1,0
BRDA:56,1,0,0
BRDA:56,1,1,0
BRDA:90,2,0,0
BRDA:90,2,1,0
BRDA:90,3,0,0
BRDA:90,3,1,0
BRDA:110,4,0,0
BRDA:110,4,1,0
BRDA:119,5,0,0
BRDA:119,5,1,0
BRDA:164,6,0,0
BRDA:164,6,1,0
BRDA:166,7,0,0
BRDA:166,7,1,0
BRDA:170,8,0,0
BRDA:170,8,1,0
BRDA:226,9,0,0
BRDA:226,9,1,0
BRF:20
BRH:0
end_of_record
TN:
SF:/home/afonsodev/projects/fullstack-js/server/core/modules/user/resolvers.js
FN:13,(anonymous_0)
FN:27,(anonymous_1)
FN:36,(anonymous_2)
FN:43,(anonymous_3)
FN:57,(anonymous_4)
FN:66,(anonymous_5)
FN:86,(anonymous_6)
FN:97,(anonymous_7)
FN:108,(anonymous_8)
FN:122,(anonymous_9)
FNF:10
FNH:0
FNDA:0,(anonymous_0)
FNDA:0,(anonymous_1)
FNDA:0,(anonymous_2)
FNDA:0,(anonymous_3)
FNDA:0,(anonymous_4)
FNDA:0,(anonymous_5)
FNDA:0,(anonymous_6)
FNDA:0,(anonymous_7)
FNDA:0,(anonymous_8)
FNDA:0,(anonymous_9)
DA:1,1
DA:2,1
DA:7,1
DA:14,0
DA:15,0
DA:16,0
DA:17,0
DA:18,0
DA:19,0
DA:20,0
DA:28,0
DA:29,0
DA:30,0
DA:37,0
DA:38,0
DA:39,0
DA:42,0
DA:43,0
DA:44,0
DA:45,0
DA:50,0
DA:51,0
DA:58,0
DA:59,0
DA:60,0
DA:67,0
DA:68,0
DA:71,0
DA:72,0
DA:75,0
DA:76,0
DA:77,0
DA:87,0
DA:88,0
DA:89,0
DA:90,0
DA:91,0
DA:98,0
DA:99,0
DA:100,0
DA:101,0
DA:102,0
DA:109,0
DA:110,0
DA:111,0
DA:112,0
DA:113,0
DA:123,0
DA:124,0
DA:125,0
DA:126,0
DA:131,1
LF:52
LH:4
BRDA:15,0,0,0
BRDA:15,0,1,0
BRDA:16,1,0,0
BRDA:16,1,1,0
BRDA:17,2,0,0
BRDA:17,2,1,0
BRDA:29,3,0,0
BRDA:29,3,1,0
BRDA:38,4,0,0
BRDA:38,4,1,0
BRDA:39,5,0,0
BRDA:39,5,1,0
BRDA:42,6,0,0
BRDA:42,6,1,0
BRDA:59,7,0,0
BRDA:59,7,1,0
BRDA:68,8,0,0
BRDA:68,8,1,0
BRDA:76,9,0,0
BRDA:76,9,1,0
BRF:20
BRH:0
end_of_record
TN:
SF:/home/afonsodev/projects/fullstack-js/server/core/modules/user/routes.js
FN:10,(anonymous_0)
FN:18,(anonymous_1)
FN:21,(anonymous_2)
FN:28,(anonymous_3)
FN:44,(anonymous_4)
FNF:5
FNH:1
FNDA:0,(anonymous_0)
FNDA:3,(anonymous_1)
FNDA:0,(anonymous_2)
FNDA:0,(anonymous_3)
FNDA:0,(anonymous_4)
DA:1,2
DA:2,2
DA:3,2
DA:4,2
DA:9,2
DA:10,2
DA:11,0
DA:12,0
DA:18,2
DA:21,3
DA:22,0
DA:23,0
DA:24,0
DA:28,3
DA:31,0
DA:37,0
DA:38,0
DA:39,0
DA:40,0
DA:44,3
DA:47,0
DA:48,0
DA:49,0
DA:52,0
DA:53,0
DA:56,0
DA:57,0
DA:58,0
DA:62,0
DA:63,0
DA:66,0
DA:67,0
DA:68,0
DA:81,0
DA:82,0
DA:83,0
DA:87,0
DA:90,0
DA:91,0
DA:94,0
DA:97,0
LF:41
LH:10
BRDA:56,0,0,0
BRDA:56,0,1,0
BRDA:66,1,0,0
BRDA:66,1,1,0
BRDA:81,2,0,0
BRDA:81,2,1,0
BRF:6
BRH:0
end_of_record
